# Processing data_5 with alpha=0.05
## BH discoveries: 163, threshold=0.000
## SBH discoveries: 181, threshold=0.000, pi0_hat=0.909
## AdaFDR-fast discoveries: fold_1=647, fold_2=558, total=1205
## Time: 0.9s## AdaFDR discoveries: fold_1=650, fold_2=536, total=1186
## Time: 109.1s
# Processing data_5 with alpha=0.10
## BH discoveries: 591, threshold=0.003
## SBH discoveries: 665, threshold=0.004, pi0_hat=0.909
## AdaFDR-fast discoveries: fold_1=766, fold_2=768, total=1534
## Time: 0.8s## AdaFDR discoveries: fold_1=767, fold_2=768, total=1535
## Time: 111.0s
# Processing data_5 with alpha=0.15
## BH discoveries: 1017, threshold=0.008
## SBH discoveries: 1095, threshold=0.009, pi0_hat=0.909
## AdaFDR-fast discoveries: fold_1=851, fold_2=897, total=1748
## Time: 0.9s## AdaFDR discoveries: fold_1=850, fold_2=828, total=1678
## Time: 109.0s
# Processing data_5 with alpha=0.20
## BH discoveries: 1314, threshold=0.013
## SBH discoveries: 1416, threshold=0.015, pi0_hat=0.909
## AdaFDR-fast discoveries: fold_1=952, fold_2=1006, total=1958
## Time: 0.9s## AdaFDR discoveries: fold_1=951, fold_2=1041, total=1992
## Time: 107.6s
# Processing data_2 with alpha=0.05
## BH discoveries: 166, threshold=0.000
## SBH discoveries: 224, threshold=0.001, pi0_hat=0.897
## AdaFDR-fast discoveries: fold_1=600, fold_2=574, total=1174
## Time: 1.3s## AdaFDR discoveries: fold_1=597, fold_2=569, total=1166
## Time: 111.5s
# Processing data_2 with alpha=0.10
## BH discoveries: 581, threshold=0.003
## SBH discoveries: 664, threshold=0.004, pi0_hat=0.897
## AdaFDR-fast discoveries: fold_1=743, fold_2=815, total=1558
## Time: 1.4s## AdaFDR discoveries: fold_1=749, fold_2=813, total=1562
## Time: 111.8s
# Processing data_2 with alpha=0.15
## BH discoveries: 973, threshold=0.007
## SBH discoveries: 1090, threshold=0.009, pi0_hat=0.897
## AdaFDR-fast discoveries: fold_1=893, fold_2=932, total=1825
## Time: 1.4s## AdaFDR discoveries: fold_1=895, fold_2=952, total=1847
## Time: 124.9s
# Processing data_2 with alpha=0.20
## BH discoveries: 1305, threshold=0.013
## SBH discoveries: 1460, threshold=0.016, pi0_hat=0.897
## AdaFDR-fast discoveries: fold_1=1003, fold_2=1025, total=2028
## Time: 1.4s## AdaFDR discoveries: fold_1=987, fold_2=1034, total=2021
## Time: 115.6s
# Processing data_0 with alpha=0.05
## BH discoveries: 188, threshold=0.000
## SBH discoveries: 253, threshold=0.001, pi0_hat=0.901
## AdaFDR-fast discoveries: fold_1=579, fold_2=607, total=1186
## Time: 1.4s## AdaFDR discoveries: fold_1=567, fold_2=606, total=1173
## Time: 116.3s
# Processing data_0 with alpha=0.10
## BH discoveries: 607, threshold=0.003
## SBH discoveries: 715, threshold=0.004, pi0_hat=0.901
## AdaFDR-fast discoveries: fold_1=706, fold_2=766, total=1472
## Time: 1.6s## AdaFDR discoveries: fold_1=702, fold_2=766, total=1468
## Time: 114.7s
# Processing data_0 with alpha=0.15
## BH discoveries: 1032, threshold=0.008
## SBH discoveries: 1107, threshold=0.009, pi0_hat=0.901
## AdaFDR-fast discoveries: fold_1=870, fold_2=892, total=1762
## Time: 1.6s## AdaFDR discoveries: fold_1=864, fold_2=888, total=1752
## Time: 119.6s
# Processing data_0 with alpha=0.20
## BH discoveries: 1297, threshold=0.013
## SBH discoveries: 1424, threshold=0.016, pi0_hat=0.901
## AdaFDR-fast discoveries: fold_1=935, fold_2=1011, total=1946
## Time: 1.5s## AdaFDR discoveries: fold_1=944, fold_2=1012, total=1956
## Time: 117.2s
# Processing data_3 with alpha=0.05
## BH discoveries: 165, threshold=0.000
## SBH discoveries: 199, threshold=0.001, pi0_hat=0.895
## AdaFDR-fast discoveries: fold_1=538, fold_2=662, total=1200
## Time: 1.2s## AdaFDR discoveries: fold_1=538, fold_2=664, total=1202
## Time: 112.2s
# Processing data_3 with alpha=0.10
## BH discoveries: 555, threshold=0.003
## SBH discoveries: 639, threshold=0.004, pi0_hat=0.895
## AdaFDR-fast discoveries: fold_1=807, fold_2=804, total=1611
## Time: 1.2s## AdaFDR discoveries: fold_1=807, fold_2=792, total=1599
## Time: 118.0s
# Processing data_3 with alpha=0.15
## BH discoveries: 920, threshold=0.007
## SBH discoveries: 1072, threshold=0.009, pi0_hat=0.895
## AdaFDR-fast discoveries: fold_1=951, fold_2=930, total=1881
## Time: 1.6s## AdaFDR discoveries: fold_1=951, fold_2=936, total=1887
## Time: 118.5s
# Processing data_3 with alpha=0.20
## BH discoveries: 1282, threshold=0.013
## SBH discoveries: 1468, threshold=0.016, pi0_hat=0.895
## AdaFDR-fast discoveries: fold_1=1053, fold_2=1007, total=2060
## Time: 1.7s## AdaFDR discoveries: fold_1=1053, fold_2=1027, total=2080
## Time: 126.7s
# Processing data_7 with alpha=0.05
## BH discoveries: 130, threshold=0.000
## SBH discoveries: 179, threshold=0.000, pi0_hat=0.901
## AdaFDR-fast discoveries: fold_1=426, fold_2=704, total=1130
## Time: 3.1s## AdaFDR discoveries: fold_1=425, fold_2=708, total=1133
## Time: 118.5s
# Processing data_7 with alpha=0.10
## BH discoveries: 530, threshold=0.003
## SBH discoveries: 606, threshold=0.003, pi0_hat=0.901
## AdaFDR-fast discoveries: fold_1=671, fold_2=839, total=1510
## Time: 2.9s## AdaFDR discoveries: fold_1=677, fold_2=840, total=1517
## Time: 116.6s
# Processing data_7 with alpha=0.15
## BH discoveries: 995, threshold=0.007
## SBH discoveries: 1120, threshold=0.009, pi0_hat=0.901
## AdaFDR-fast discoveries: fold_1=824, fold_2=972, total=1796
## Time: 2.9s## AdaFDR discoveries: fold_1=828, fold_2=975, total=1803
## Time: 125.0s
# Processing data_7 with alpha=0.20
## BH discoveries: 1317, threshold=0.013
## SBH discoveries: 1464, threshold=0.016, pi0_hat=0.901
## AdaFDR-fast discoveries: fold_1=922, fold_2=1068, total=1990
## Time: 3.1s## AdaFDR discoveries: fold_1=931, fold_2=1078, total=2009
## Time: 121.9s
# Processing data_9 with alpha=0.05
## BH discoveries: 180, threshold=0.000
## SBH discoveries: 207, threshold=0.001, pi0_hat=0.901
## AdaFDR-fast discoveries: fold_1=588, fold_2=541, total=1129
## Time: 1.3s## AdaFDR discoveries: fold_1=592, fold_2=541, total=1133
## Time: 119.4s
# Processing data_9 with alpha=0.10
## BH discoveries: 577, threshold=0.003
## SBH discoveries: 659, threshold=0.004, pi0_hat=0.901
## AdaFDR-fast discoveries: fold_1=764, fold_2=677, total=1441
## Time: 1.3s## AdaFDR discoveries: fold_1=766, fold_2=677, total=1443
## Time: 117.9s
# Processing data_9 with alpha=0.15
## BH discoveries: 960, threshold=0.007
## SBH discoveries: 1081, threshold=0.009, pi0_hat=0.901
## AdaFDR-fast discoveries: fold_1=875, fold_2=841, total=1716
## Time: 1.3s## AdaFDR discoveries: fold_1=884, fold_2=835, total=1719
## Time: 123.4s
# Processing data_9 with alpha=0.20
## BH discoveries: 1281, threshold=0.013
## SBH discoveries: 1402, threshold=0.016, pi0_hat=0.901
## AdaFDR-fast discoveries: fold_1=988, fold_2=1005, total=1993
## Time: 1.8s## AdaFDR discoveries: fold_1=989, fold_2=989, total=1978
## Time: 126.4s
# Processing data_4 with alpha=0.05
## BH discoveries: 157, threshold=0.000
## SBH discoveries: 167, threshold=0.000, pi0_hat=0.905
## AdaFDR-fast discoveries: fold_1=538, fold_2=591, total=1129
## Time: 1.9s## AdaFDR discoveries: fold_1=553, fold_2=570, total=1123
## Time: 119.7s
# Processing data_4 with alpha=0.10
## BH discoveries: 531, threshold=0.003
## SBH discoveries: 656, threshold=0.004, pi0_hat=0.905
## AdaFDR-fast discoveries: fold_1=746, fold_2=757, total=1503
## Time: 1.7s## AdaFDR discoveries: fold_1=746, fold_2=771, total=1517
## Time: 115.9s
# Processing data_4 with alpha=0.15
## BH discoveries: 945, threshold=0.007
## SBH discoveries: 1087, threshold=0.009, pi0_hat=0.905
## AdaFDR-fast discoveries: fold_1=854, fold_2=871, total=1725
## Time: 1.2s## AdaFDR discoveries: fold_1=836, fold_2=865, total=1701
## Time: 118.1s
# Processing data_4 with alpha=0.20
## BH discoveries: 1269, threshold=0.013
## SBH discoveries: 1387, threshold=0.015, pi0_hat=0.905
## AdaFDR-fast discoveries: fold_1=958, fold_2=1017, total=1975
## Time: 1.3s## AdaFDR discoveries: fold_1=967, fold_2=997, total=1964
## Time: 115.5s
# Processing data_6 with alpha=0.05
## BH discoveries: 144, threshold=0.000
## SBH discoveries: 221, threshold=0.001, pi0_hat=0.898
## AdaFDR-fast discoveries: fold_1=538, fold_2=628, total=1166
## Time: 1.0s## AdaFDR discoveries: fold_1=535, fold_2=630, total=1165
## Time: 113.8s
# Processing data_6 with alpha=0.10
## BH discoveries: 593, threshold=0.003
## SBH discoveries: 667, threshold=0.004, pi0_hat=0.898
## AdaFDR-fast discoveries: fold_1=723, fold_2=807, total=1530
## Time: 1.0s## AdaFDR discoveries: fold_1=723, fold_2=805, total=1528
## Time: 112.5s
# Processing data_6 with alpha=0.15
## BH discoveries: 963, threshold=0.007
## SBH discoveries: 1085, threshold=0.009, pi0_hat=0.898
## AdaFDR-fast discoveries: fold_1=843, fold_2=916, total=1759
## Time: 0.9s## AdaFDR discoveries: fold_1=843, fold_2=912, total=1755
## Time: 116.8s
# Processing data_6 with alpha=0.20
## BH discoveries: 1299, threshold=0.013
## SBH discoveries: 1427, threshold=0.016, pi0_hat=0.898
## AdaFDR-fast discoveries: fold_1=957, fold_2=1039, total=1996
## Time: 1.0s## AdaFDR discoveries: fold_1=957, fold_2=1043, total=2000
## Time: 116.9s
# Processing data_1 with alpha=0.05
## BH discoveries: 130, threshold=0.000
## SBH discoveries: 168, threshold=0.000, pi0_hat=0.904
## AdaFDR-fast discoveries: fold_1=652, fold_2=633, total=1285
## Time: 1.1s## AdaFDR discoveries: fold_1=667, fold_2=635, total=1302
## Time: 110.7s
# Processing data_1 with alpha=0.10
## BH discoveries: 547, threshold=0.003
## SBH discoveries: 658, threshold=0.004, pi0_hat=0.904
## AdaFDR-fast discoveries: fold_1=815, fold_2=829, total=1644
## Time: 1.2s## AdaFDR discoveries: fold_1=827, fold_2=853, total=1680
## Time: 112.4s
# Processing data_1 with alpha=0.15
## BH discoveries: 946, threshold=0.007
## SBH discoveries: 1045, threshold=0.009, pi0_hat=0.904
## AdaFDR-fast discoveries: fold_1=917, fold_2=967, total=1884
## Time: 1.1s## AdaFDR discoveries: fold_1=926, fold_2=975, total=1901
## Time: 124.7s
# Processing data_1 with alpha=0.20
## BH discoveries: 1233, threshold=0.012
## SBH discoveries: 1371, threshold=0.015, pi0_hat=0.904
## AdaFDR-fast discoveries: fold_1=1027, fold_2=1053, total=2080
## Time: 1.2s## AdaFDR discoveries: fold_1=1009, fold_2=1053, total=2062
## Time: 130.4s
# Processing data_8 with alpha=0.05
## BH discoveries: 126, threshold=0.000
## SBH discoveries: 148, threshold=0.000, pi0_hat=0.904
## AdaFDR-fast discoveries: fold_1=508, fold_2=652, total=1160
## Time: 2.0s## AdaFDR discoveries: fold_1=520, fold_2=650, total=1170
## Time: 125.4s
# Processing data_8 with alpha=0.10
## BH discoveries: 519, threshold=0.003
## SBH discoveries: 623, threshold=0.003, pi0_hat=0.904
## AdaFDR-fast discoveries: fold_1=737, fold_2=794, total=1531
## Time: 1.8s## AdaFDR discoveries: fold_1=732, fold_2=795, total=1527
## Time: 124.2s
# Processing data_8 with alpha=0.15
## BH discoveries: 888, threshold=0.007
## SBH discoveries: 1044, threshold=0.009, pi0_hat=0.904
## AdaFDR-fast discoveries: fold_1=913, fold_2=979, total=1892
## Time: 1.8s## AdaFDR discoveries: fold_1=919, fold_2=956, total=1875
## Time: 131.1s
# Processing data_8 with alpha=0.20
## BH discoveries: 1273, threshold=0.013
## SBH discoveries: 1392, threshold=0.015, pi0_hat=0.904
## AdaFDR-fast discoveries: fold_1=1009, fold_2=1078, total=2087
## Time: 1.5s## AdaFDR discoveries: fold_1=1013, fold_2=1087, total=2100
## Time: 135.6s
