benchmark_2DGM:: ## BH, n_rej=9903, t_rej=0.00990
benchmark_2DGM:: ## SBH, n_rej=11380, t_rej=0.01459
prim_fdr:: ## PrimFDR_init starts
prim_fdr:: # Learning null distribution
font_manager:: findfont: Matching :family=sans-serif:style=normal:variant=normal:weight=normal:stretch=normal:size=10.0 to DejaVu Sans ('/home/martin/anaconda3/lib/python3.6/site-packages/matplotlib/mpl-data/fonts/ttf/DejaVuSans.ttf') with score of 0.050000
font_manager:: findfont: Matching :family=sans-serif:style=normal:variant=normal:weight=normal:stretch=normal:size=12.0 to DejaVu Sans ('/home/martin/anaconda3/lib/python3.6/site-packages/matplotlib/mpl-data/fonts/ttf/DejaVuSans.ttf') with score of 0.050000
prim_fdr:: # Learning alternative distribution
prim_fdr:: # Test result with PrimFDR_init
util:: # n_rej=19783
prim_fdr:: ## PrimFDR_init finishes

prim_fdr:: ## optimization paramter:
prim_fdr:: # n_itr=2000, n_samp=100000, lambda0=271, lambda1=100

prim_fdr:: ## optimization initialization:
prim_fdr:: # Slope: a=[0.03746307 0.1839328 ], b=[-5.5836954]
prim_fdr:: # Bump 0: w=-1.2936428, mu=[0.7756054 0.7577765], sigma=[1.4339657 1.3522083]
prim_fdr:: # Bump 1: w=-1.9039186, mu=[0.24636315 0.42065054], sigma=[0.40115258 0.9604132 ]
prim_fdr:: # Bump 2: w=-2.64665, mu=[0.78930104 0.74217194], sigma=[0.3840167 0.7822761]
prim_fdr:: # Bump 3: w=-1.7393157, mu=[0.25489244 0.37737948], sigma=[0.39344004 0.9974769 ]
prim_fdr:: # Bump 4: w=-0.8607003, mu=[0.9117701 0.7558653], sigma=[2.387425  0.9076256]
prim_fdr:: 

prim_fdr:: ## iteration 0
prim_fdr:: n_rej: 20490
prim_fdr:: n_rej sig: 20515
prim_fdr:: FD esti mirror: 2261.00000
prim_fdr:: FD esti mirror sig: 2302.25610
prim_fdr:: loss1: -0.20515
prim_fdr:: loss2: 0.25073
prim_fdr:: Estimated FDP: 0.11222
prim_fdr:: FDP: 0.0
prim_fdr:: Slope: a=[-0.01253679  0.13393293], b=[-5.633695]
prim_fdr:: Bump 0: w=-1.3436427, mu=[0.8256054  0.80777645], sigma=[1.4839655 1.4022082]
prim_fdr:: Bump 1: w=-1.9539186, mu=[0.19636321 0.3706506 ], sigma=[0.45115256 1.0104132 ]
prim_fdr:: Bump 2: w=-2.69665, mu=[0.839301  0.7921719], sigma=[0.43401664 0.832276  ]
prim_fdr:: Bump 3: w=-1.7893157, mu=[0.20489246 0.42737946], sigma=[0.44344002 1.0474768 ]
prim_fdr:: Bump 4: w=-0.91070026, mu=[0.86177015 0.7058653 ], sigma=[2.4374247  0.95762557]
prim_fdr:: 

prim_fdr:: ## iteration 400
prim_fdr:: n_rej: 19235
prim_fdr:: n_rej sig: 19272
prim_fdr:: FD esti mirror: 1795.00000
prim_fdr:: FD esti mirror sig: 1865.69360
prim_fdr:: loss1: -0.19273
prim_fdr:: loss2: 0.00000
prim_fdr:: Estimated FDP: 0.09681
prim_fdr:: FDP: 0.0
prim_fdr:: Slope: a=[-0.45492435 -0.2243792 ], b=[-6.072766]
prim_fdr:: Bump 0: w=-1.1687607, mu=[0.8718243  0.74122936], sigma=[1.1337813  0.99202824]
prim_fdr:: Bump 1: w=-1.9550523, mu=[0.21688735 0.43243185], sigma=[0.5285882 1.1161425]
prim_fdr:: Bump 2: w=-2.720684, mu=[0.90797096 0.9895763 ], sigma=[0.6549696 1.161356 ]
prim_fdr:: Bump 3: w=-1.6472484, mu=[0.28930134 0.35822332], sigma=[0.41967455 1.164895  ]
prim_fdr:: Bump 4: w=-1.3955439, mu=[0.750519   0.69174325], sigma=[2.1957254 1.1993058]
prim_fdr:: 

prim_fdr:: ## iteration 800
prim_fdr:: n_rej: 19898
prim_fdr:: n_rej sig: 19905
prim_fdr:: FD esti mirror: 1893.00000
prim_fdr:: FD esti mirror sig: 1967.17749
prim_fdr:: loss1: -0.19906
prim_fdr:: loss2: 0.00000
prim_fdr:: Estimated FDP: 0.09882
prim_fdr:: FDP: 0.0
prim_fdr:: Slope: a=[-0.45909995 -0.21672773], b=[-6.073752]
prim_fdr:: Bump 0: w=-1.0188007, mu=[0.89916956 0.740024  ], sigma=[1.0333021 0.9736277]
prim_fdr:: Bump 1: w=-1.8453318, mu=[0.24103421 0.4161359 ], sigma=[0.48874083 1.0672755 ]
prim_fdr:: Bump 2: w=-2.7131462, mu=[0.91146326 0.95776725], sigma=[0.6528096 1.1384543]
prim_fdr:: Bump 3: w=-1.5537161, mu=[0.22798118 0.3899038 ], sigma=[0.3972408 1.1111106]
prim_fdr:: Bump 4: w=-1.3588686, mu=[0.76125467 0.735573  ], sigma=[2.1137185 1.1898472]
prim_fdr:: 

prim_fdr:: ## iteration 1200
prim_fdr:: n_rej: 19924
prim_fdr:: n_rej sig: 19929
prim_fdr:: FD esti mirror: 1868.00000
prim_fdr:: FD esti mirror sig: 1956.75708
prim_fdr:: loss1: -0.19930
prim_fdr:: loss2: 0.00000
prim_fdr:: Estimated FDP: 0.09818
prim_fdr:: FDP: 0.0
prim_fdr:: Slope: a=[-0.4924394  -0.24165528], b=[-6.1066318]
prim_fdr:: Bump 0: w=-0.94994533, mu=[0.89442647 0.74518025], sigma=[1.0200094 1.0150675]
prim_fdr:: Bump 1: w=-1.7986315, mu=[0.24211451 0.4103556 ], sigma=[0.50499636 1.0758588 ]
prim_fdr:: Bump 2: w=-2.7312295, mu=[0.9343726  0.95074683], sigma=[0.6745857 1.1163242]
prim_fdr:: Bump 3: w=-1.51663, mu=[0.22588444 0.39982983], sigma=[0.418354  1.1177993]
prim_fdr:: Bump 4: w=-1.3459425, mu=[0.75888747 0.7549733 ], sigma=[2.0587623 1.2216892]
prim_fdr:: 

prim_fdr:: ## iteration 1600
prim_fdr:: n_rej: 19954
prim_fdr:: n_rej sig: 19965
prim_fdr:: FD esti mirror: 1887.00000
prim_fdr:: FD esti mirror sig: 1967.08057
prim_fdr:: loss1: -0.19966
prim_fdr:: loss2: 0.00000
prim_fdr:: Estimated FDP: 0.09852
prim_fdr:: FDP: 0.0
prim_fdr:: Slope: a=[-0.52240777 -0.26375243], b=[-6.135627]
prim_fdr:: Bump 0: w=-0.8979738, mu=[0.90724576 0.73174417], sigma=[1.0181825 1.0493104]
prim_fdr:: Bump 1: w=-1.7633408, mu=[0.24027562 0.40873805], sigma=[0.5149017 1.0800757]
prim_fdr:: Bump 2: w=-2.7509577, mu=[0.9437306  0.95596826], sigma=[0.69786346 1.0928358 ]
prim_fdr:: Bump 3: w=-1.4872191, mu=[0.22792055 0.40129843], sigma=[0.43087068 1.121501  ]
prim_fdr:: Bump 4: w=-1.3381705, mu=[0.757428  0.7556769], sigma=[2.0304232 1.2405118]
prim_fdr:: 

benchmark_2DGM:: ## PF, n_rej=20369
benchmark_2DGM:: ## Total time: 1209.8s
