# Processing data_5 with alpha=0.05
## BH discoveries: 903, threshold=0.007
## SBH discoveries: 907, threshold=0.007, pi0_hat=0.950
## AdaFDR-fast discoveries: fold_1=472, fold_2=483, total=955
## Time: 1.5s## AdaFDR discoveries: fold_1=473, fold_2=486, total=959
## Time: 96.8s
# Processing data_5 with alpha=0.10
## BH discoveries: 1001, threshold=0.015
## SBH discoveries: 1010, threshold=0.016, pi0_hat=0.950
## AdaFDR-fast discoveries: fold_1=527, fold_2=531, total=1058
## Time: 1.4s## AdaFDR discoveries: fold_1=530, fold_2=535, total=1065
## Time: 96.2s
# Processing data_5 with alpha=0.15
## BH discoveries: 1077, threshold=0.025
## SBH discoveries: 1085, threshold=0.026, pi0_hat=0.950
## AdaFDR-fast discoveries: fold_1=568, fold_2=582, total=1150
## Time: 1.6s## AdaFDR discoveries: fold_1=561, fold_2=583, total=1144
## Time: 96.8s
# Processing data_5 with alpha=0.20
## BH discoveries: 1138, threshold=0.035
## SBH discoveries: 1147, threshold=0.037, pi0_hat=0.950
## AdaFDR-fast discoveries: fold_1=612, fold_2=616, total=1228
## Time: 1.5s## AdaFDR discoveries: fold_1=617, fold_2=618, total=1235
## Time: 99.9s
# Processing data_2 with alpha=0.05
## BH discoveries: 1005, threshold=0.008
## SBH discoveries: 1076, threshold=0.011, pi0_hat=0.743
## AdaFDR-fast discoveries: fold_1=562, fold_2=578, total=1140
## Time: 1.4s## AdaFDR discoveries: fold_1=563, fold_2=587, total=1150
## Time: 97.9s
# Processing data_2 with alpha=0.10
## BH discoveries: 1187, threshold=0.018
## SBH discoveries: 1302, threshold=0.027, pi0_hat=0.743
## AdaFDR-fast discoveries: fold_1=695, fold_2=686, total=1381
## Time: 1.4s## AdaFDR discoveries: fold_1=668, fold_2=681, total=1349
## Time: 95.9s
# Processing data_2 with alpha=0.15
## BH discoveries: 1357, threshold=0.031
## SBH discoveries: 1526, threshold=0.047, pi0_hat=0.743
## AdaFDR-fast discoveries: fold_1=744, fold_2=821, total=1565
## Time: 1.4s## AdaFDR discoveries: fold_1=718, fold_2=821, total=1539
## Time: 95.8s
# Processing data_2 with alpha=0.20
## BH discoveries: 1523, threshold=0.046
## SBH discoveries: 1715, threshold=0.071, pi0_hat=0.743
## AdaFDR-fast discoveries: fold_1=817, fold_2=968, total=1785
## Time: 1.4s## AdaFDR discoveries: fold_1=812, fold_2=938, total=1750
## Time: 98.0s
# Processing data_0 with alpha=0.05
## BH discoveries: 764, threshold=0.006
## SBH discoveries: 778, threshold=0.006, pi0_hat=0.937
## AdaFDR-fast discoveries: fold_1=404, fold_2=427, total=831
## Time: 2.2s## AdaFDR discoveries: fold_1=390, fold_2=432, total=822
## Time: 93.1s
# Processing data_0 with alpha=0.10
## BH discoveries: 882, threshold=0.013
## SBH discoveries: 891, threshold=0.014, pi0_hat=0.937
## AdaFDR-fast discoveries: fold_1=476, fold_2=491, total=967
## Time: 2.3s## AdaFDR discoveries: fold_1=477, fold_2=480, total=957
## Time: 101.0s
# Processing data_0 with alpha=0.15
## BH discoveries: 964, threshold=0.022
## SBH discoveries: 977, threshold=0.024, pi0_hat=0.937
## AdaFDR-fast discoveries: fold_1=532, fold_2=538, total=1070
## Time: 2.1s## AdaFDR discoveries: fold_1=538, fold_2=534, total=1072
## Time: 99.7s
# Processing data_0 with alpha=0.20
## BH discoveries: 1043, threshold=0.032
## SBH discoveries: 1064, threshold=0.035, pi0_hat=0.937
## AdaFDR-fast discoveries: fold_1=583, fold_2=586, total=1169
## Time: 2.3s## AdaFDR discoveries: fold_1=593, fold_2=588, total=1181
## Time: 103.5s
# Processing data_3 with alpha=0.05
## BH discoveries: 861, threshold=0.007
## SBH discoveries: 871, threshold=0.007, pi0_hat=0.916
## AdaFDR-fast discoveries: fold_1=472, fold_2=418, total=890
## Time: 2.4s## AdaFDR discoveries: fold_1=474, fold_2=426, total=900
## Time: 94.0s
# Processing data_3 with alpha=0.10
## BH discoveries: 944, threshold=0.014
## SBH discoveries: 954, threshold=0.016, pi0_hat=0.916
## AdaFDR-fast discoveries: fold_1=559, fold_2=482, total=1041
## Time: 1.9s## AdaFDR discoveries: fold_1=567, fold_2=484, total=1051
## Time: 94.7s
# Processing data_3 with alpha=0.15
## BH discoveries: 998, threshold=0.023
## SBH discoveries: 1013, threshold=0.025, pi0_hat=0.916
## AdaFDR-fast discoveries: fold_1=605, fold_2=522, total=1127
## Time: 2.0s## AdaFDR discoveries: fold_1=605, fold_2=513, total=1118
## Time: 95.7s
# Processing data_3 with alpha=0.20
## BH discoveries: 1058, threshold=0.032
## SBH discoveries: 1085, threshold=0.036, pi0_hat=0.916
## AdaFDR-fast discoveries: fold_1=668, fold_2=556, total=1224
## Time: 2.0s## AdaFDR discoveries: fold_1=660, fold_2=557, total=1217
## Time: 98.4s
# Processing data_7 with alpha=0.05
## BH discoveries: 878, threshold=0.007
## SBH discoveries: 907, threshold=0.009, pi0_hat=0.775
## AdaFDR-fast discoveries: fold_1=489, fold_2=503, total=992
## Time: 1.4s## AdaFDR discoveries: fold_1=463, fold_2=493, total=956
## Time: 98.3s
# Processing data_7 with alpha=0.10
## BH discoveries: 994, threshold=0.015
## SBH discoveries: 1040, threshold=0.020, pi0_hat=0.775
## AdaFDR-fast discoveries: fold_1=559, fold_2=566, total=1125
## Time: 1.5s## AdaFDR discoveries: fold_1=565, fold_2=585, total=1150
## Time: 101.3s
# Processing data_7 with alpha=0.15
## BH discoveries: 1080, threshold=0.025
## SBH discoveries: 1144, threshold=0.034, pi0_hat=0.775
## AdaFDR-fast discoveries: fold_1=636, fold_2=665, total=1301
## Time: 1.6s## AdaFDR discoveries: fold_1=626, fold_2=641, total=1267
## Time: 103.7s
# Processing data_7 with alpha=0.20
## BH discoveries: 1153, threshold=0.035
## SBH discoveries: 1260, threshold=0.050, pi0_hat=0.775
## AdaFDR-fast discoveries: fold_1=720, fold_2=724, total=1444
## Time: 1.7s## AdaFDR discoveries: fold_1=732, fold_2=743, total=1475
## Time: 102.7s
# Processing data_9 with alpha=0.05
## BH discoveries: 976, threshold=0.007
## SBH discoveries: 1021, threshold=0.010, pi0_hat=0.754
## AdaFDR-fast discoveries: fold_1=507, fold_2=576, total=1083
## Time: 2.8s## AdaFDR discoveries: fold_1=492, fold_2=582, total=1074
## Time: 101.4s
# Processing data_9 with alpha=0.10
## BH discoveries: 1130, threshold=0.017
## SBH discoveries: 1206, threshold=0.024, pi0_hat=0.754
## AdaFDR-fast discoveries: fold_1=613, fold_2=690, total=1303
## Time: 2.7s## AdaFDR discoveries: fold_1=609, fold_2=687, total=1296
## Time: 105.8s
# Processing data_9 with alpha=0.15
## BH discoveries: 1255, threshold=0.029
## SBH discoveries: 1351, threshold=0.041, pi0_hat=0.754
## AdaFDR-fast discoveries: fold_1=686, fold_2=748, total=1434
## Time: 2.6s## AdaFDR discoveries: fold_1=690, fold_2=744, total=1434
## Time: 103.3s
# Processing data_9 with alpha=0.20
## BH discoveries: 1355, threshold=0.041
## SBH discoveries: 1532, threshold=0.062, pi0_hat=0.754
## AdaFDR-fast discoveries: fold_1=784, fold_2=829, total=1613
## Time: 2.6s## AdaFDR discoveries: fold_1=767, fold_2=802, total=1569
## Time: 107.8s
# Processing data_4 with alpha=0.05
## BH discoveries: 907, threshold=0.007
## SBH discoveries: 907, threshold=0.007, pi0_hat=1.000
## AdaFDR-fast discoveries: fold_1=472, fold_2=506, total=978
## Time: 1.7s## AdaFDR discoveries: fold_1=467, fold_2=500, total=967
## Time: 101.1s
# Processing data_4 with alpha=0.10
## BH discoveries: 996, threshold=0.015
## SBH discoveries: 996, threshold=0.015, pi0_hat=1.000
## AdaFDR-fast discoveries: fold_1=516, fold_2=550, total=1066
## Time: 1.6s## AdaFDR discoveries: fold_1=524, fold_2=542, total=1066
## Time: 100.8s
# Processing data_4 with alpha=0.15
## BH discoveries: 1050, threshold=0.024
## SBH discoveries: 1050, threshold=0.024, pi0_hat=1.000
## AdaFDR-fast discoveries: fold_1=553, fold_2=581, total=1134
## Time: 1.6s## AdaFDR discoveries: fold_1=552, fold_2=576, total=1128
## Time: 106.6s
# Processing data_4 with alpha=0.20
## BH discoveries: 1114, threshold=0.034
## SBH discoveries: 1114, threshold=0.034, pi0_hat=1.000
## AdaFDR-fast discoveries: fold_1=583, fold_2=603, total=1186
## Time: 1.6s## AdaFDR discoveries: fold_1=587, fold_2=602, total=1189
## Time: 105.8s
# Processing data_6 with alpha=0.05
## BH discoveries: 919, threshold=0.007
## SBH discoveries: 934, threshold=0.008, pi0_hat=0.900
## AdaFDR-fast discoveries: fold_1=449, fold_2=512, total=961
## Time: 1.2s## AdaFDR discoveries: fold_1=450, fold_2=511, total=961
## Time: 101.5s
# Processing data_6 with alpha=0.10
## BH discoveries: 1014, threshold=0.016
## SBH discoveries: 1034, threshold=0.018, pi0_hat=0.900
## AdaFDR-fast discoveries: fold_1=522, fold_2=576, total=1098
## Time: 1.4s## AdaFDR discoveries: fold_1=516, fold_2=582, total=1098
## Time: 102.1s
# Processing data_6 with alpha=0.15
## BH discoveries: 1093, threshold=0.025
## SBH discoveries: 1114, threshold=0.028, pi0_hat=0.900
## AdaFDR-fast discoveries: fold_1=565, fold_2=665, total=1230
## Time: 1.3s## AdaFDR discoveries: fold_1=559, fold_2=631, total=1190
## Time: 98.5s
# Processing data_6 with alpha=0.20
## BH discoveries: 1151, threshold=0.035
## SBH discoveries: 1175, threshold=0.040, pi0_hat=0.900
## AdaFDR-fast discoveries: fold_1=612, fold_2=716, total=1328
## Time: 1.2s## AdaFDR discoveries: fold_1=598, fold_2=710, total=1308
## Time: 101.6s
# Processing data_1 with alpha=0.05
## BH discoveries: 873, threshold=0.007
## SBH discoveries: 904, threshold=0.008, pi0_hat=0.858
## AdaFDR-fast discoveries: fold_1=513, fold_2=452, total=965
## Time: 1.5s## AdaFDR discoveries: fold_1=503, fold_2=445, total=948
## Time: 97.7s
# Processing data_1 with alpha=0.10
## BH discoveries: 1001, threshold=0.015
## SBH discoveries: 1036, threshold=0.018, pi0_hat=0.858
## AdaFDR-fast discoveries: fold_1=560, fold_2=525, total=1085
## Time: 1.7s## AdaFDR discoveries: fold_1=543, fold_2=521, total=1064
## Time: 101.3s
# Processing data_1 with alpha=0.15
## BH discoveries: 1097, threshold=0.025
## SBH discoveries: 1116, threshold=0.030, pi0_hat=0.858
## AdaFDR-fast discoveries: fold_1=604, fold_2=601, total=1205
## Time: 1.5s## AdaFDR discoveries: fold_1=592, fold_2=598, total=1190
## Time: 96.0s
# Processing data_1 with alpha=0.20
## BH discoveries: 1158, threshold=0.035
## SBH discoveries: 1230, threshold=0.044, pi0_hat=0.858
## AdaFDR-fast discoveries: fold_1=640, fold_2=639, total=1279
## Time: 1.6s## AdaFDR discoveries: fold_1=653, fold_2=628, total=1281
## Time: 98.8s
# Processing data_8 with alpha=0.05
## BH discoveries: 831, threshold=0.006
## SBH discoveries: 872, threshold=0.008, pi0_hat=0.839
## AdaFDR-fast discoveries: fold_1=453, fold_2=457, total=910
## Time: 1.4s## AdaFDR discoveries: fold_1=453, fold_2=463, total=916
## Time: 94.8s
# Processing data_8 with alpha=0.10
## BH discoveries: 945, threshold=0.014
## SBH discoveries: 966, threshold=0.017, pi0_hat=0.839
## AdaFDR-fast discoveries: fold_1=518, fold_2=529, total=1047
## Time: 1.4s## AdaFDR discoveries: fold_1=533, fold_2=527, total=1060
## Time: 97.7s
# Processing data_8 with alpha=0.15
## BH discoveries: 1021, threshold=0.023
## SBH discoveries: 1059, threshold=0.029, pi0_hat=0.839
## AdaFDR-fast discoveries: fold_1=586, fold_2=584, total=1170
## Time: 1.6s## AdaFDR discoveries: fold_1=575, fold_2=587, total=1162
## Time: 100.3s
# Processing data_8 with alpha=0.20
## BH discoveries: 1093, threshold=0.033
## SBH discoveries: 1159, threshold=0.042, pi0_hat=0.839
## AdaFDR-fast discoveries: fold_1=643, fold_2=643, total=1286
## Time: 1.3s## AdaFDR discoveries: fold_1=647, fold_2=662, total=1309
## Time: 101.4s
