# Processing data_5 with alpha=0.05
## BH discoveries: 1416, threshold=0.011
## SBH discoveries: 1462, threshold=0.015, pi0_hat=0.753
## AdaFDR-fast discoveries: fold_1=785, fold_2=706, total=1491
## Time: 1.5s## AdaFDR discoveries: fold_1=775, fold_2=714, total=1489
## Time: 90.5s
# Processing data_5 with alpha=0.10
## BH discoveries: 1532, threshold=0.024
## SBH discoveries: 1583, threshold=0.033, pi0_hat=0.753
## AdaFDR-fast discoveries: fold_1=867, fold_2=788, total=1655
## Time: 1.4s## AdaFDR discoveries: fold_1=854, fold_2=787, total=1641
## Time: 91.5s
# Processing data_5 with alpha=0.15
## BH discoveries: 1629, threshold=0.038
## SBH discoveries: 1717, threshold=0.053, pi0_hat=0.753
## AdaFDR-fast discoveries: fold_1=930, fold_2=843, total=1773
## Time: 1.4s## AdaFDR discoveries: fold_1=907, fold_2=835, total=1742
## Time: 90.1s
# Processing data_5 with alpha=0.20
## BH discoveries: 1719, threshold=0.054
## SBH discoveries: 1860, threshold=0.077, pi0_hat=0.753
## AdaFDR-fast discoveries: fold_1=988, fold_2=913, total=1901
## Time: 1.6s## AdaFDR discoveries: fold_1=966, fold_2=902, total=1868
## Time: 91.8s
# Processing data_2 with alpha=0.05
## BH discoveries: 1381, threshold=0.011
## SBH discoveries: 1416, threshold=0.014, pi0_hat=0.764
## AdaFDR-fast discoveries: fold_1=730, fold_2=725, total=1455
## Time: 1.5s## AdaFDR discoveries: fold_1=717, fold_2=720, total=1437
## Time: 88.8s
# Processing data_2 with alpha=0.10
## BH discoveries: 1496, threshold=0.023
## SBH discoveries: 1556, threshold=0.032, pi0_hat=0.764
## AdaFDR-fast discoveries: fold_1=803, fold_2=810, total=1613
## Time: 1.5s## AdaFDR discoveries: fold_1=795, fold_2=792, total=1587
## Time: 89.8s
# Processing data_2 with alpha=0.15
## BH discoveries: 1593, threshold=0.037
## SBH discoveries: 1680, threshold=0.051, pi0_hat=0.764
## AdaFDR-fast discoveries: fold_1=859, fold_2=844, total=1703
## Time: 1.5s## AdaFDR discoveries: fold_1=869, fold_2=842, total=1711
## Time: 84.2s
# Processing data_2 with alpha=0.20
## BH discoveries: 1688, threshold=0.053
## SBH discoveries: 1802, threshold=0.073, pi0_hat=0.764
## AdaFDR-fast discoveries: fold_1=962, fold_2=895, total=1857
## Time: 1.3s## AdaFDR discoveries: fold_1=957, fold_2=911, total=1868
## Time: 94.1s
# Processing data_0 with alpha=0.05
## BH discoveries: 1376, threshold=0.011
## SBH discoveries: 1410, threshold=0.014, pi0_hat=0.753
## AdaFDR-fast discoveries: fold_1=754, fold_2=721, total=1475
## Time: 2.2s## AdaFDR discoveries: fold_1=747, fold_2=705, total=1452
## Time: 92.5s
# Processing data_0 with alpha=0.10
## BH discoveries: 1473, threshold=0.023
## SBH discoveries: 1548, threshold=0.032, pi0_hat=0.753
## AdaFDR-fast discoveries: fold_1=823, fold_2=790, total=1613
## Time: 1.6s## AdaFDR discoveries: fold_1=819, fold_2=786, total=1605
## Time: 93.2s
# Processing data_0 with alpha=0.15
## BH discoveries: 1580, threshold=0.037
## SBH discoveries: 1678, threshold=0.052, pi0_hat=0.753
## AdaFDR-fast discoveries: fold_1=906, fold_2=869, total=1775
## Time: 1.8s## AdaFDR discoveries: fold_1=920, fold_2=874, total=1794
## Time: 97.0s
# Processing data_0 with alpha=0.20
## BH discoveries: 1681, threshold=0.052
## SBH discoveries: 1813, threshold=0.075, pi0_hat=0.753
## AdaFDR-fast discoveries: fold_1=971, fold_2=955, total=1926
## Time: 1.7s## AdaFDR discoveries: fold_1=985, fold_2=913, total=1898
## Time: 89.8s
# Processing data_3 with alpha=0.05
## BH discoveries: 1381, threshold=0.011
## SBH discoveries: 1426, threshold=0.015, pi0_hat=0.737
## AdaFDR-fast discoveries: fold_1=745, fold_2=721, total=1466
## Time: 1.2s## AdaFDR discoveries: fold_1=738, fold_2=705, total=1443
## Time: 97.5s
# Processing data_3 with alpha=0.10
## BH discoveries: 1512, threshold=0.024
## SBH discoveries: 1578, threshold=0.033, pi0_hat=0.737
## AdaFDR-fast discoveries: fold_1=832, fold_2=798, total=1630
## Time: 1.6s## AdaFDR discoveries: fold_1=824, fold_2=819, total=1643
## Time: 93.8s
# Processing data_3 with alpha=0.15
## BH discoveries: 1611, threshold=0.038
## SBH discoveries: 1729, threshold=0.054, pi0_hat=0.737
## AdaFDR-fast discoveries: fold_1=907, fold_2=875, total=1782
## Time: 1.4s## AdaFDR discoveries: fold_1=898, fold_2=880, total=1778
## Time: 93.7s
# Processing data_3 with alpha=0.20
## BH discoveries: 1726, threshold=0.054
## SBH discoveries: 1876, threshold=0.079, pi0_hat=0.737
## AdaFDR-fast discoveries: fold_1=975, fold_2=979, total=1954
## Time: 1.5s## AdaFDR discoveries: fold_1=970, fold_2=979, total=1949
## Time: 91.7s
# Processing data_7 with alpha=0.05
## BH discoveries: 1429, threshold=0.011
## SBH discoveries: 1471, threshold=0.015, pi0_hat=0.763
## AdaFDR-fast discoveries: fold_1=789, fold_2=704, total=1493
## Time: 1.6s## AdaFDR discoveries: fold_1=788, fold_2=707, total=1495
## Time: 90.9s
# Processing data_7 with alpha=0.10
## BH discoveries: 1536, threshold=0.024
## SBH discoveries: 1583, threshold=0.032, pi0_hat=0.763
## AdaFDR-fast discoveries: fold_1=851, fold_2=785, total=1636
## Time: 1.4s## AdaFDR discoveries: fold_1=847, fold_2=793, total=1640
## Time: 96.2s
# Processing data_7 with alpha=0.15
## BH discoveries: 1614, threshold=0.038
## SBH discoveries: 1707, threshold=0.052, pi0_hat=0.763
## AdaFDR-fast discoveries: fold_1=910, fold_2=876, total=1786
## Time: 1.6s## AdaFDR discoveries: fold_1=896, fold_2=872, total=1768
## Time: 99.4s
# Processing data_7 with alpha=0.20
## BH discoveries: 1713, threshold=0.053
## SBH discoveries: 1839, threshold=0.075, pi0_hat=0.763
## AdaFDR-fast discoveries: fold_1=953, fold_2=954, total=1907
## Time: 1.9s## AdaFDR discoveries: fold_1=953, fold_2=943, total=1896
## Time: 97.2s
# Processing data_9 with alpha=0.05
## BH discoveries: 1382, threshold=0.011
## SBH discoveries: 1429, threshold=0.014, pi0_hat=0.762
## AdaFDR-fast discoveries: fold_1=768, fold_2=661, total=1429
## Time: 1.5s## AdaFDR discoveries: fold_1=769, fold_2=672, total=1441
## Time: 96.5s
# Processing data_9 with alpha=0.10
## BH discoveries: 1506, threshold=0.024
## SBH discoveries: 1580, threshold=0.032, pi0_hat=0.762
## AdaFDR-fast discoveries: fold_1=858, fold_2=781, total=1639
## Time: 1.6s## AdaFDR discoveries: fold_1=852, fold_2=779, total=1631
## Time: 100.0s
# Processing data_9 with alpha=0.15
## BH discoveries: 1625, threshold=0.038
## SBH discoveries: 1726, threshold=0.053, pi0_hat=0.762
## AdaFDR-fast discoveries: fold_1=932, fold_2=854, total=1786
## Time: 1.5s## AdaFDR discoveries: fold_1=916, fold_2=845, total=1761
## Time: 103.1s
# Processing data_9 with alpha=0.20
## BH discoveries: 1734, threshold=0.054
## SBH discoveries: 1857, threshold=0.076, pi0_hat=0.762
## AdaFDR-fast discoveries: fold_1=993, fold_2=919, total=1912
## Time: 1.5s## AdaFDR discoveries: fold_1=1008, fold_2=932, total=1940
## Time: 96.8s
# Processing data_4 with alpha=0.05
## BH discoveries: 1423, threshold=0.011
## SBH discoveries: 1453, threshold=0.015, pi0_hat=0.763
## AdaFDR-fast discoveries: fold_1=729, fold_2=776, total=1505
## Time: 1.8s## AdaFDR discoveries: fold_1=729, fold_2=771, total=1500
## Time: 97.7s
# Processing data_4 with alpha=0.10
## BH discoveries: 1526, threshold=0.024
## SBH discoveries: 1617, threshold=0.033, pi0_hat=0.763
## AdaFDR-fast discoveries: fold_1=818, fold_2=861, total=1679
## Time: 2.2s## AdaFDR discoveries: fold_1=813, fold_2=847, total=1660
## Time: 105.7s
# Processing data_4 with alpha=0.15
## BH discoveries: 1649, threshold=0.039
## SBH discoveries: 1745, threshold=0.054, pi0_hat=0.763
## AdaFDR-fast discoveries: fold_1=864, fold_2=929, total=1793
## Time: 1.7s## AdaFDR discoveries: fold_1=870, fold_2=931, total=1801
## Time: 99.4s
# Processing data_4 with alpha=0.20
## BH discoveries: 1759, threshold=0.055
## SBH discoveries: 1894, threshold=0.077, pi0_hat=0.763
## AdaFDR-fast discoveries: fold_1=916, fold_2=1027, total=1943
## Time: 1.7s## AdaFDR discoveries: fold_1=922, fold_2=1034, total=1956
## Time: 103.0s
# Processing data_6 with alpha=0.05
## BH discoveries: 1393, threshold=0.011
## SBH discoveries: 1431, threshold=0.014, pi0_hat=0.770
## AdaFDR-fast discoveries: fold_1=741, fold_2=718, total=1459
## Time: 3.7s## AdaFDR discoveries: fold_1=732, fold_2=705, total=1437
## Time: 101.1s
# Processing data_6 with alpha=0.10
## BH discoveries: 1511, threshold=0.024
## SBH discoveries: 1572, threshold=0.032, pi0_hat=0.770
## AdaFDR-fast discoveries: fold_1=832, fold_2=825, total=1657
## Time: 3.4s## AdaFDR discoveries: fold_1=813, fold_2=803, total=1616
## Time: 101.3s
# Processing data_6 with alpha=0.15
## BH discoveries: 1605, threshold=0.038
## SBH discoveries: 1696, threshold=0.052, pi0_hat=0.770
## AdaFDR-fast discoveries: fold_1=884, fold_2=899, total=1783
## Time: 3.2s## AdaFDR discoveries: fold_1=898, fold_2=881, total=1779
## Time: 101.8s
# Processing data_6 with alpha=0.20
## BH discoveries: 1700, threshold=0.053
## SBH discoveries: 1805, threshold=0.073, pi0_hat=0.770
## AdaFDR-fast discoveries: fold_1=962, fold_2=955, total=1917
## Time: 3.1s## AdaFDR discoveries: fold_1=957, fold_2=964, total=1921
## Time: 93.7s
# Processing data_1 with alpha=0.05
## BH discoveries: 1449, threshold=0.011
## SBH discoveries: 1486, threshold=0.015, pi0_hat=0.763
## AdaFDR-fast discoveries: fold_1=778, fold_2=751, total=1529
## Time: 2.3s## AdaFDR discoveries: fold_1=757, fold_2=749, total=1506
## Time: 97.3s
# Processing data_1 with alpha=0.10
## BH discoveries: 1575, threshold=0.025
## SBH discoveries: 1629, threshold=0.033, pi0_hat=0.763
## AdaFDR-fast discoveries: fold_1=824, fold_2=854, total=1678
## Time: 2.2s## AdaFDR discoveries: fold_1=829, fold_2=853, total=1682
## Time: 93.7s
# Processing data_1 with alpha=0.15
## BH discoveries: 1658, threshold=0.039
## SBH discoveries: 1757, threshold=0.054, pi0_hat=0.763
## AdaFDR-fast discoveries: fold_1=894, fold_2=931, total=1825
## Time: 2.2s## AdaFDR discoveries: fold_1=898, fold_2=932, total=1830
## Time: 98.0s
# Processing data_1 with alpha=0.20
## BH discoveries: 1766, threshold=0.055
## SBH discoveries: 1889, threshold=0.077, pi0_hat=0.763
## AdaFDR-fast discoveries: fold_1=955, fold_2=996, total=1951
## Time: 2.7s## AdaFDR discoveries: fold_1=949, fold_2=1002, total=1951
## Time: 98.6s
# Processing data_8 with alpha=0.05
## BH discoveries: 1367, threshold=0.011
## SBH discoveries: 1410, threshold=0.015, pi0_hat=0.750
## AdaFDR-fast discoveries: fold_1=727, fold_2=733, total=1460
## Time: 1.5s## AdaFDR discoveries: fold_1=735, fold_2=730, total=1465
## Time: 91.9s
# Processing data_8 with alpha=0.10
## BH discoveries: 1490, threshold=0.023
## SBH discoveries: 1556, threshold=0.032, pi0_hat=0.750
## AdaFDR-fast discoveries: fold_1=818, fold_2=815, total=1633
## Time: 1.6s## AdaFDR discoveries: fold_1=794, fold_2=798, total=1592
## Time: 95.1s
# Processing data_8 with alpha=0.15
## BH discoveries: 1596, threshold=0.037
## SBH discoveries: 1703, threshold=0.053, pi0_hat=0.750
## AdaFDR-fast discoveries: fold_1=879, fold_2=868, total=1747
## Time: 1.9s## AdaFDR discoveries: fold_1=842, fold_2=872, total=1714
## Time: 94.0s
# Processing data_8 with alpha=0.20
## BH discoveries: 1703, threshold=0.053
## SBH discoveries: 1850, threshold=0.077, pi0_hat=0.750
## AdaFDR-fast discoveries: fold_1=931, fold_2=952, total=1883
## Time: 1.5s## AdaFDR discoveries: fold_1=918, fold_2=940, total=1858
## Time: 90.5s
