benchmark_2DGM:: ## BH, n_rej=9903, t_rej=0.00990
benchmark_2DGM:: ## SBH, n_rej=11380, t_rej=0.01459
prim_fdr:: ## PrimFDR_init starts
prim_fdr:: # Learning null distribution
font_manager:: findfont: Matching :family=sans-serif:style=normal:variant=normal:weight=normal:stretch=normal:size=10.0 to DejaVu Sans ('/home/martin/anaconda3/lib/python3.6/site-packages/matplotlib/mpl-data/fonts/ttf/DejaVuSans.ttf') with score of 0.050000
font_manager:: findfont: Matching :family=sans-serif:style=normal:variant=normal:weight=normal:stretch=normal:size=12.0 to DejaVu Sans ('/home/martin/anaconda3/lib/python3.6/site-packages/matplotlib/mpl-data/fonts/ttf/DejaVuSans.ttf') with score of 0.050000
prim_fdr:: # Learning alternative distribution
prim_fdr:: # Test result with PrimFDR_init
util:: # n_rej=19783
prim_fdr:: ## PrimFDR_init finishes

prim_fdr:: ## optimization paramter:
prim_fdr:: # n_itr=2000, n_samp=100000, lambda0=271, lambda1=100

prim_fdr:: ## optimization initialization:
prim_fdr:: # Slope: a=[0.03746307 0.1839328 ], b=[-5.5836954]
prim_fdr:: # Bump 0: w=-1.2936428, mu=[0.7756054 0.7577765], sigma=[1.4339657 1.3522083]
prim_fdr:: # Bump 1: w=-1.9039186, mu=[0.24636315 0.42065054], sigma=[0.40115258 0.9604132 ]
prim_fdr:: # Bump 2: w=-2.64665, mu=[0.78930104 0.74217194], sigma=[0.3840167 0.7822761]
prim_fdr:: # Bump 3: w=-1.7393157, mu=[0.25489244 0.37737948], sigma=[0.39344004 0.9974769 ]
prim_fdr:: # Bump 4: w=-0.8607003, mu=[0.9117701 0.7558653], sigma=[2.387425  0.9076256]
prim_fdr:: 

prim_fdr:: ## iteration 0
prim_fdr:: n_rej: 20490
prim_fdr:: n_rej sig: 20515
prim_fdr:: FD esti mirror: 2261.00000
prim_fdr:: FD esti mirror sig: 2302.25610
prim_fdr:: loss1: -0.20515
prim_fdr:: loss2: 0.25073
prim_fdr:: Estimated FDP: 0.11222
prim_fdr:: FDP: 0.0
prim_fdr:: Slope: a=[0.01746313 0.16393284], b=[-5.6036954]
prim_fdr:: Bump 0: w=-1.3136427, mu=[0.79560536 0.7777765 ], sigma=[1.4539657 1.3722082]
prim_fdr:: Bump 1: w=-1.9239186, mu=[0.22636317 0.40065056], sigma=[0.42115256 0.9804132 ]
prim_fdr:: Bump 2: w=-2.66665, mu=[0.809301  0.7621719], sigma=[0.40401667 0.8022761 ]
prim_fdr:: Bump 3: w=-1.7593157, mu=[0.23489244 0.39737946], sigma=[0.41344002 1.0174768 ]
prim_fdr:: Bump 4: w=-0.8807003, mu=[0.8917701 0.7358653], sigma=[2.407425  0.9276256]
prim_fdr:: 

prim_fdr:: ## iteration 400
prim_fdr:: n_rej: 19576
prim_fdr:: n_rej sig: 19603
prim_fdr:: FD esti mirror: 1825.00000
prim_fdr:: FD esti mirror sig: 1896.15540
prim_fdr:: loss1: -0.19604
prim_fdr:: loss2: 0.00000
prim_fdr:: Estimated FDP: 0.09672
prim_fdr:: FDP: 0.0
prim_fdr:: Slope: a=[-0.23387761 -0.0436971 ], b=[-5.855387]
prim_fdr:: Bump 0: w=-1.0542943, mu=[0.92603505 0.6834191 ], sigma=[1.291761  1.3935053]
prim_fdr:: Bump 1: w=-1.7459384, mu=[0.24751419 0.37479198], sigma=[0.4631607 1.1214921]
prim_fdr:: Bump 2: w=-2.620338, mu=[0.7842634 0.7912296], sigma=[0.3903868  0.95005816]
prim_fdr:: Bump 3: w=-1.6304023, mu=[0.22581312 0.41178373], sigma=[0.47696   1.1320589]
prim_fdr:: Bump 4: w=-1.0525424, mu=[0.83610153 0.74831027], sigma=[2.2689734 1.1627914]
prim_fdr:: 

prim_fdr:: ## iteration 800
prim_fdr:: n_rej: 20111
prim_fdr:: n_rej sig: 20118
prim_fdr:: FD esti mirror: 1939.00000
prim_fdr:: FD esti mirror sig: 2002.25598
prim_fdr:: loss1: -0.20119
prim_fdr:: loss2: 0.00000
prim_fdr:: Estimated FDP: 0.09952
prim_fdr:: FDP: 0.0
prim_fdr:: Slope: a=[-0.24933703 -0.05404221], b=[-5.8681865]
prim_fdr:: Bump 0: w=-1.0386301, mu=[0.9162177  0.73495585], sigma=[1.2962564 1.3946437]
prim_fdr:: Bump 1: w=-1.6892408, mu=[0.23196132 0.3935628 ], sigma=[0.44912347 1.0962555 ]
prim_fdr:: Bump 2: w=-2.600607, mu=[0.77805126 0.7640004 ], sigma=[0.387496  0.9475538]
prim_fdr:: Bump 3: w=-1.5714362, mu=[0.24173294 0.4116221 ], sigma=[0.4596343 1.1118385]
prim_fdr:: Bump 4: w=-1.05242, mu=[0.78883284 0.72527957], sigma=[2.218784  1.1796329]
prim_fdr:: 

prim_fdr:: ## iteration 1200
prim_fdr:: n_rej: 20083
prim_fdr:: n_rej sig: 20088
prim_fdr:: FD esti mirror: 1911.00000
prim_fdr:: FD esti mirror sig: 1980.81567
prim_fdr:: loss1: -0.20088
prim_fdr:: loss2: 0.00000
prim_fdr:: Estimated FDP: 0.09861
prim_fdr:: FDP: 0.0
prim_fdr:: Slope: a=[-0.28188387 -0.08210789], b=[-5.8984303]
prim_fdr:: Bump 0: w=-1.0138787, mu=[0.91821986 0.7272818 ], sigma=[1.2933024 1.4020864]
prim_fdr:: Bump 1: w=-1.6664876, mu=[0.22800587 0.39519954], sigma=[0.4605456 1.0972649]
prim_fdr:: Bump 2: w=-2.606532, mu=[0.8008281 0.7748799], sigma=[0.39926317 0.9640129 ]
prim_fdr:: Bump 3: w=-1.5475851, mu=[0.24273899 0.40992883], sigma=[0.47051522 1.1158848 ]
prim_fdr:: Bump 4: w=-1.0568936, mu=[0.78432864 0.72544473], sigma=[2.2135587 1.1969455]
prim_fdr:: 

prim_fdr:: ## iteration 1600
prim_fdr:: n_rej: 20098
prim_fdr:: n_rej sig: 20091
prim_fdr:: FD esti mirror: 1911.00000
prim_fdr:: FD esti mirror sig: 1978.80872
prim_fdr:: loss1: -0.20092
prim_fdr:: loss2: 0.00000
prim_fdr:: Estimated FDP: 0.09849
prim_fdr:: FDP: 0.0
prim_fdr:: Slope: a=[-0.315622   -0.11004475], b=[-5.9297724]
prim_fdr:: Bump 0: w=-0.99892336, mu=[0.90482044 0.73030186], sigma=[1.2962875 1.4100877]
prim_fdr:: Bump 1: w=-1.6334894, mu=[0.23382558 0.39331034], sigma=[0.46776962 1.0983726 ]
prim_fdr:: Bump 2: w=-2.6093013, mu=[0.80656415 0.7728373 ], sigma=[0.40272692 0.97926176]
prim_fdr:: Bump 3: w=-1.5133913, mu=[0.24141751 0.40044165], sigma=[0.47822195 1.1173745 ]
prim_fdr:: Bump 4: w=-1.0621798, mu=[0.78545266 0.7280841 ], sigma=[2.2135673 1.2127551]
prim_fdr:: 

benchmark_2DGM:: ## PF, n_rej=20408
benchmark_2DGM:: ## Total time: 1213.2s
