benchmark_Gtex_full:: ## BH, n_rej=29348, t_rej=0.00028
benchmark_Gtex_full:: ## SBH, n_rej=29689, t_rej=0.00029
prim_fdr:: ## PrimFDR_init starts
prim_fdr:: # Learning null distribution
font_manager:: findfont: Matching :family=sans-serif:style=normal:variant=normal:weight=normal:stretch=normal:size=10.0 to DejaVu Sans ('/home/martin/anaconda3/lib/python3.6/site-packages/matplotlib/mpl-data/fonts/ttf/DejaVuSans.ttf') with score of 0.050000
font_manager:: findfont: Matching :family=sans-serif:style=normal:variant=normal:weight=normal:stretch=normal:size=12.0 to DejaVu Sans ('/home/martin/anaconda3/lib/python3.6/site-packages/matplotlib/mpl-data/fonts/ttf/DejaVuSans.ttf') with score of 0.050000
prim_fdr:: # Learning alternative distribution
prim_fdr:: # Test result with PrimFDR_init
util:: # n_rej=34806
prim_fdr:: ## PrimFDR_init finishes

prim_fdr:: ## optimization paramter:
prim_fdr:: # n_itr=2000, n_samp=169301, lambda0=13580, lambda1=100

prim_fdr:: ## optimization initialization:
prim_fdr:: # Slope: a=[-1.1085811   0.20376724  0.19156143  0.56383866], b=[-7.8346167]
prim_fdr:: # Bump 0: w=-7.1069555, mu=[0.52534074 0.5508822  0.6735597  0.78217995], sigma=[0.6946132  1.1291723  1.728062   0.25550973]
prim_fdr:: # Bump 1: w=-6.618783, mu=[0.2837618  0.63402843 0.36098593 0.85846806], sigma=[0.31419015 0.6346527  3.1051826  1.3208851 ]
prim_fdr:: # Bump 2: w=-9.198691, mu=[0.589468   0.28684148 0.51015365 0.46772137], sigma=[1.046555   0.8164288  0.0555851  0.12366565]
prim_fdr:: # Bump 3: w=-7.9775057, mu=[0.16777983 0.35106537 0.55734485 0.46337733], sigma=[2.932787   0.8373257  0.0555851  0.44462436]
prim_fdr:: # Bump 4: w=-10.165113, mu=[0.47925174 0.53822875 0.5146729  0.23622037], sigma=[0.01185454 1.5824205  0.0555851  2.8553152 ]
prim_fdr:: 

prim_fdr:: ## iteration 0
prim_fdr:: n_rej: 35626
prim_fdr:: n_rej sig: 35349
prim_fdr:: FD esti mirror: 3765.00000
prim_fdr:: FD esti mirror sig: 3825.98096
prim_fdr:: loss1: -0.20880
prim_fdr:: loss2: 0.17192
prim_fdr:: Estimated FDP: 0.10823
prim_fdr:: FDP: 0.0
prim_fdr:: Slope: a=[-1.128581    0.18376724  0.17156145  0.5438387 ], b=[-7.8546166]
prim_fdr:: Bump 0: w=-7.1269555, mu=[0.5053408  0.5308823  0.6935595  0.76218057], sigma=[0.714613  1.149172  1.7480611 0.2755096]
prim_fdr:: Bump 1: w=-6.6387825, mu=[0.26376188 0.61403507 0.3809854  0.8784679 ], sigma=[0.33418998 0.6546524  3.1251812  1.3408841 ]
prim_fdr:: Bump 2: w=-9.218691, mu=[0.56946826 0.30684054 0.5301444  0.48772067], sigma=[1.0665544  0.836428   0.07558444 0.14366549]
prim_fdr:: Bump 3: w=-7.9975047, mu=[0.14778008 0.37106475 0.57733953 0.48336315], sigma=[2.9527829  0.8573244  0.07558416 0.46462396]
prim_fdr:: Bump 4: w=-10.185112, mu=[0.45926157 0.55822545 0.53465766 0.25621974], sigma=[0.03185414 1.602415   0.0755831  2.8753054 ]
prim_fdr:: 

prim_fdr:: ## iteration 400
prim_fdr:: n_rej: 36485
prim_fdr:: n_rej sig: 36101
prim_fdr:: FD esti mirror: 3551.00000
prim_fdr:: FD esti mirror sig: 3579.63135
prim_fdr:: loss1: -0.21324
prim_fdr:: loss2: 0.00000
prim_fdr:: Estimated FDP: 0.09916
prim_fdr:: FDP: 0.0
prim_fdr:: Slope: a=[-1.4710116   0.11810931  0.17118564  0.5628917 ], b=[-7.9003787]
prim_fdr:: Bump 0: w=-6.460394, mu=[0.51503605 0.46013814 0.7714957  0.8102473 ], sigma=[0.6309282  0.80739796 1.3001155  0.10458133]
prim_fdr:: Bump 1: w=-6.081365, mu=[0.08184879 0.6831835  0.44145703 0.8267624 ], sigma=[0.5308275  0.783836   2.317418   0.21215421]
prim_fdr:: Bump 2: w=-8.851441, mu=[0.57566905 0.39859462 0.8664763  0.76457006], sigma=[ 1.2398733   0.70466584 -0.3951288   0.05054598]
prim_fdr:: Bump 3: w=-7.2608128, mu=[0.14936097 0.4599415  0.08159948 0.39320615], sigma=[ 2.4098408   0.5306942  -0.2692737   0.43030787]
prim_fdr:: Bump 4: w=-9.54334, mu=[0.24374604 0.54673404 0.91615635 0.43087563], sigma=[ 0.36102486  1.5232518  -0.30837822  2.8488996 ]
prim_fdr:: 

prim_fdr:: ## iteration 800
prim_fdr:: n_rej: 36814
prim_fdr:: n_rej sig: 36443
prim_fdr:: FD esti mirror: 3584.00000
prim_fdr:: FD esti mirror sig: 3638.54443
prim_fdr:: loss1: -0.21526
prim_fdr:: loss2: 0.00000
prim_fdr:: Estimated FDP: 0.09984
prim_fdr:: FDP: 0.0
prim_fdr:: Slope: a=[-1.5124507   0.1133961   0.17368917  0.5605974 ], b=[-7.9066615]
prim_fdr:: Bump 0: w=-6.3862863, mu=[0.52278024 0.45039743 0.77563614 0.8350796 ], sigma=[0.6355459  0.7440988  1.2720865  0.08902314]
prim_fdr:: Bump 1: w=-5.998236, mu=[0.07361289 0.67437446 0.4616282  0.8375712 ], sigma=[0.52527976 0.7821236  2.1880848  0.15820055]
prim_fdr:: Bump 2: w=-8.828848, mu=[0.5787525  0.39539257 0.87264395 0.79327345], sigma=[ 1.2549142   0.6839953  -0.3994119   0.03808768]
prim_fdr:: Bump 3: w=-7.2294683, mu=[0.15806429 0.45163256 0.06964131 0.3915368 ], sigma=[ 2.3468056   0.5215112  -0.2647291   0.42867008]
prim_fdr:: Bump 4: w=-9.523757, mu=[0.23205714 0.5676521  0.9244648  0.4324593 ], sigma=[ 0.389729   1.5098028 -0.3067289  2.8195732]
prim_fdr:: 

prim_fdr:: ## iteration 1200
prim_fdr:: n_rej: 36828
prim_fdr:: n_rej sig: 36472
prim_fdr:: FD esti mirror: 3567.00000
prim_fdr:: FD esti mirror sig: 3626.91748
prim_fdr:: loss1: -0.21543
prim_fdr:: loss2: 0.00000
prim_fdr:: Estimated FDP: 0.09944
prim_fdr:: FDP: 0.0
prim_fdr:: Slope: a=[-1.5518864   0.10996364  0.17618747  0.5575888 ], b=[-7.912104]
prim_fdr:: Bump 0: w=-6.3295646, mu=[0.52621853 0.44298205 0.7795874  0.85652995], sigma=[0.64555013 0.695444   1.2499944  0.08157872]
prim_fdr:: Bump 1: w=-5.962099, mu=[0.07327637 0.6725246  0.46658847 0.8469551 ], sigma=[0.5183691 0.786308  2.08912   0.148867 ]
prim_fdr:: Bump 2: w=-8.814727, mu=[0.57947105 0.3947323  0.8725321  0.8133087 ], sigma=[ 1.2641469   0.668966   -0.39707768  0.03635427]
prim_fdr:: Bump 3: w=-7.2052474, mu=[0.15602647 0.45353216 0.06380642 0.3910544 ], sigma=[ 2.2957773   0.51591045 -0.25545046  0.42884564]
prim_fdr:: Bump 4: w=-9.50795, mu=[0.24189395 0.5696932  0.9318885  0.42929876], sigma=[ 0.41882172  1.4966756  -0.30477384  2.7885828 ]
prim_fdr:: 

prim_fdr:: ## iteration 1600
prim_fdr:: n_rej: 36837
prim_fdr:: n_rej sig: 36474
prim_fdr:: FD esti mirror: 3548.00000
prim_fdr:: FD esti mirror sig: 3612.38550
prim_fdr:: loss1: -0.21544
prim_fdr:: loss2: 0.00000
prim_fdr:: Estimated FDP: 0.09904
prim_fdr:: FDP: 0.0
prim_fdr:: Slope: a=[-1.5894647   0.10778178  0.17913269  0.5541016 ], b=[-7.9164095]
prim_fdr:: Bump 0: w=-6.2816105, mu=[0.52986765 0.44009122 0.7818683  0.8750222 ], sigma=[0.6618581  0.66176784 1.2293725  0.07719332]
prim_fdr:: Bump 1: w=-5.9518304, mu=[0.07275081 0.67096126 0.46952286 0.8488972 ], sigma=[0.5140477  0.7932068  2.016209   0.14429618]
prim_fdr:: Bump 2: w=-8.802183, mu=[0.57878095 0.39418235 0.87221223 0.8279791 ], sigma=[ 1.270584    0.65663195 -0.39465627  0.03574946]
prim_fdr:: Bump 3: w=-7.1801767, mu=[0.15375897 0.45505396 0.05796869 0.3913769 ], sigma=[ 2.249627   0.5080245 -0.2460755  0.4259488]
prim_fdr:: Bump 4: w=-9.493403, mu=[0.2569784  0.5760649  0.94023895 0.42277274], sigma=[ 0.450815   1.4840326 -0.3039194  2.750164 ]
prim_fdr:: 

benchmark_Gtex_full:: ## PF, n_rej=37572
benchmark_Gtex_full:: ## Total time: 2387.5s
