benchmark_cv_5DGM:: ## BH, n_rej=9903, t_rej=0.00990
benchmark_cv_5DGM:: ## SBH, n_rej=11380, t_rej=0.01459
prim_fdr:: #time start: 0.0s
prim_fdr:: #time input: 0.0108s
prim_fdr:: ## testing fold 1: 0.0110s
prim_fdr:: ## PrimFDR_init starts
prim_fdr:: # Learning null distribution
prim_fdr:: # Learning alternative distribution
prim_fdr:: # Test result with PrimFDR_init
util:: # n_rej=9400
prim_fdr:: ## PrimFDR_init finishes

prim_fdr:: ## optimization paramter:
prim_fdr:: # n_itr=1500, n_samp=50000, lambda0=177, lambda1=100

prim_fdr:: ## optimization initialization:
prim_fdr:: # Slope: a=[ 1.0124022   1.0947914   0.00542191 -0.03120285 -0.3089406 ], b=[-5.3083434]
prim_fdr:: # Bump 0: w=-1.367449, mu=[0.8230339  0.74102354 0.24340123 0.49077266 0.75425464], sigma=[1.2017032  0.9903534  2.6666284  0.08424862 1.5345821 ]
prim_fdr:: # Bump 1: w=-1.148825, mu=[0.8254194  0.77101123 0.6898556  0.48784155 0.7789595 ], sigma=[1.1786965  0.9414387  2.0861843  0.08424862 1.8250923 ]
prim_fdr:: # Bump 2: w=-2.405199, mu=[0.25446314 0.405512   0.5122846  0.24822529 0.4917989 ], sigma=[0.6719322  1.0336574  0.08239581 2.4374874  0.05320225]
prim_fdr:: # Bump 3: w=-2.4312875, mu=[0.25417364 0.40751073 0.4895778  0.7343252  0.49394235], sigma=[0.668257   0.9973664  0.08239581 2.3097668  0.05320225]
prim_fdr:: # Bump 4: w=-2.155508, mu=[0.83762795 0.7385577  0.5036609  0.48571813 0.2549177 ], sigma=[1.2794111  1.0371841  0.08239581 0.08424862 1.533921  ]
prim_fdr:: 

prim_fdr:: ## iteration 0
prim_fdr:: n_rej: 8046
prim_fdr:: n_rej sig: 7973
prim_fdr:: FD esti mirror: 801.00000
prim_fdr:: FD esti mirror sig: 818.23291
prim_fdr:: loss1: -0.15947
prim_fdr:: loss2: 0.04172
prim_fdr:: Estimated FDP: 0.10262
prim_fdr:: FDP: 0.0
prim_fdr:: Slope: a=[ 0.9924022   1.0747914  -0.01457808 -0.05120283 -0.32894057], b=[-5.3283434]
prim_fdr:: Bump 0: w=-1.3874489, mu=[0.8430339  0.7610234  0.22340167 0.470776   0.77425385], sigma=[1.221703   1.0103533  2.6866271  0.10424791 1.5545815 ]
prim_fdr:: Bump 1: w=-1.1688249, mu=[0.8454194  0.75101125 0.70985544 0.4678435  0.79895943], sigma=[1.1986964  0.96143854 2.1061838  0.10424831 1.8450913 ]
prim_fdr:: Bump 2: w=-2.4251988, mu=[0.2344632  0.38551202 0.49229103 0.22822542 0.5117958 ], sigma=[0.69193214 1.0536573  0.10239448 2.4574816  0.07320176]
prim_fdr:: Bump 3: w=-2.4512873, mu=[0.2341737  0.3875108  0.4695794  0.75432503 0.47397047], sigma=[0.6882569  1.0173663  0.10239539 2.3297637  0.0732014 ]
prim_fdr:: Bump 4: w=-2.1755075, mu=[0.8576279  0.7585577  0.4836623  0.46572134 0.27490163], sigma=[1.2994108  1.057184   0.06239793 0.10424735 1.55392   ]
prim_fdr:: 

prim_fdr:: ## iteration 300
prim_fdr:: n_rej: 9202
prim_fdr:: n_rej sig: 9176
prim_fdr:: FD esti mirror: 844.00000
prim_fdr:: FD esti mirror sig: 888.85254
prim_fdr:: loss1: -0.18353
prim_fdr:: loss2: 0.00000
prim_fdr:: Estimated FDP: 0.09686
prim_fdr:: FDP: 0.0
prim_fdr:: Slope: a=[ 0.7615137   0.8553815  -0.25569588 -0.30001572 -0.56198543], b=[-5.5655184]
prim_fdr:: Bump 0: w=-1.2163287, mu=[ 0.8580616   0.7436757   0.24129654 -0.01743247  0.79162556], sigma=[ 1.2647014   1.1871138   2.0228188  -0.10948896  1.1138417 ]
prim_fdr:: Bump 1: w=-0.83270836, mu=[0.8447882  0.8092646  0.6758431  0.6577425  0.82604015], sigma=[ 1.087363    1.0765386   1.7485112  -0.11744498  1.2885871 ]
prim_fdr:: Bump 2: w=-1.8880694, mu=[0.22796576 0.39876926 0.3296148  0.21438861 0.29885858], sigma=[ 0.8185266   1.1016561  -0.2703314   1.7398968  -0.20524594]
prim_fdr:: Bump 3: w=-1.7968746, mu=[0.2266694  0.37357697 0.38447782 0.75185055 0.62855524], sigma=[ 0.86860734  1.1633148  -0.30712992  1.4675287  -0.2317038 ]
prim_fdr:: Bump 4: w=-1.5429494, mu=[0.8332674  0.71701556 0.40776482 0.3066103  0.22499467], sigma=[ 1.2818083   1.1826596  -0.35818282 -0.16472013  1.0000881 ]
prim_fdr:: 

prim_fdr:: ## iteration 600
prim_fdr:: n_rej: 9429
prim_fdr:: n_rej sig: 9416
prim_fdr:: FD esti mirror: 832.00000
prim_fdr:: FD esti mirror sig: 895.64392
prim_fdr:: loss1: -0.18833
prim_fdr:: loss2: 0.00000
prim_fdr:: Estimated FDP: 0.09511
prim_fdr:: FDP: 0.0
prim_fdr:: Slope: a=[ 0.71698004  0.8155598  -0.30288833 -0.35279796 -0.60762936], b=[-5.611216]
prim_fdr:: Bump 0: w=-1.1514858, mu=[ 0.8877659   0.7127888   0.22079784 -0.00415518  0.7911344 ], sigma=[ 1.2436856   1.1923581   1.9080065  -0.08804366  0.9684963 ]
prim_fdr:: Bump 1: w=-0.80754685, mu=[0.8366545  0.7632013  0.71128666 0.70887583 0.87326485], sigma=[ 1.0535034   1.112262    1.6858426  -0.13186556  1.1788825 ]
prim_fdr:: Bump 2: w=-1.8077326, mu=[0.24529682 0.38019818 0.31494135 0.25712693 0.29113612], sigma=[ 0.8294134   1.1000906  -0.26092282  1.6542704  -0.19119711]
prim_fdr:: Bump 3: w=-1.6868495, mu=[0.24251714 0.40194988 0.36815566 0.73282915 0.648961  ], sigma=[ 0.9163409   1.1975023  -0.3204983   1.345069   -0.24243659]
prim_fdr:: Bump 4: w=-1.3739794, mu=[0.8488387  0.747396   0.36824656 0.3450923  0.2058653 ], sigma=[ 1.2192942   1.2068187  -0.41034317 -0.15090898  0.9339599 ]
prim_fdr:: 

prim_fdr:: ## iteration 900
prim_fdr:: n_rej: 9602
prim_fdr:: n_rej sig: 9577
prim_fdr:: FD esti mirror: 865.00000
prim_fdr:: FD esti mirror sig: 934.84998
prim_fdr:: loss1: -0.19156
prim_fdr:: loss2: 0.00000
prim_fdr:: Estimated FDP: 0.09761
prim_fdr:: FDP: 0.0
prim_fdr:: Slope: a=[ 0.6962541   0.7975702  -0.32557914 -0.37834978 -0.62918484], b=[-5.632601]
prim_fdr:: Bump 0: w=-1.1162655, mu=[0.88169265 0.7195933  0.22684458 0.00190647 0.79084736], sigma=[ 1.2341459   1.193091    1.8393669  -0.07479081  0.89773923]
prim_fdr:: Bump 1: w=-0.779182, mu=[0.8302733  0.74745005 0.70724326 0.7262129  0.8671928 ], sigma=[ 1.0443327  1.1209697  1.6501455 -0.1323526  1.1327882]
prim_fdr:: Bump 2: w=-1.7695324, mu=[0.24105042 0.3719547  0.2935344  0.25679576 0.2735026 ], sigma=[ 0.8269879   1.0912127  -0.2618241   1.6148607  -0.19697943]
prim_fdr:: Bump 3: w=-1.6387482, mu=[0.2439027  0.41428915 0.3832803  0.74986625 0.68979234], sigma=[ 0.93370086  1.2148956  -0.31595242  1.2977604  -0.26073477]
prim_fdr:: Bump 4: w=-1.2926412, mu=[0.8461391  0.7351558  0.37523142 0.3920941  0.1875547 ], sigma=[ 1.1713704   1.2161433  -0.41041982 -0.13299796  0.9013399 ]
prim_fdr:: 

prim_fdr:: ## iteration 1200
prim_fdr:: n_rej: 9683
prim_fdr:: n_rej sig: 9670
prim_fdr:: FD esti mirror: 892.00000
prim_fdr:: FD esti mirror sig: 949.81482
prim_fdr:: loss1: -0.19341
prim_fdr:: loss2: 0.00000
prim_fdr:: Estimated FDP: 0.09822
prim_fdr:: FDP: 0.0
prim_fdr:: Slope: a=[ 0.6727716   0.7770045  -0.35136333 -0.40597662 -0.65374744], b=[-5.6568766]
prim_fdr:: Bump 0: w=-1.0746837, mu=[0.88969874 0.7253277  0.2343583  0.00230179 0.79559726], sigma=[ 1.2203515   1.1938248   1.7910161  -0.06636016  0.81943524]
prim_fdr:: Bump 1: w=-0.7603064, mu=[0.83017206 0.75545335 0.6890251  0.7433387  0.8762971 ], sigma=[ 1.0437027   1.1381185   1.6062784  -0.13376556  1.0980633 ]
prim_fdr:: Bump 2: w=-1.7377843, mu=[0.2467056  0.3862879  0.29069266 0.24793233 0.26064464], sigma=[ 0.8367561   1.0871369  -0.24598658  1.5874848  -0.18887441]
prim_fdr:: Bump 3: w=-1.6041405, mu=[0.2527798  0.4111549  0.40958107 0.75718355 0.70990735], sigma=[ 0.95000017  1.232764   -0.30255994  1.2698596  -0.25017378]
prim_fdr:: Bump 4: w=-1.2210162, mu=[0.85007745 0.7444843  0.39250377 0.40800667 0.18890978], sigma=[ 1.1172867   1.2291998  -0.41795507 -0.13098483  0.87129736]
prim_fdr:: 

prim_fdr:: ## testing fold 2: 535.5268s
prim_fdr:: ## PrimFDR_init starts
prim_fdr:: # Learning null distribution
prim_fdr:: # Learning alternative distribution
prim_fdr:: # Test result with PrimFDR_init
util:: # n_rej=9744
prim_fdr:: ## PrimFDR_init finishes

prim_fdr:: ## optimization paramter:
prim_fdr:: # n_itr=1500, n_samp=50000, lambda0=212, lambda1=100

prim_fdr:: ## optimization initialization:
prim_fdr:: # Slope: a=[0.9086528  0.8903441  0.12748092 0.04814316 0.03288589], b=[-5.3255234]
prim_fdr:: # Bump 0: w=-1.0928156, mu=[0.26386037 0.38277373 0.73492116 0.49156842 0.7756956 ], sigma=[0.78815824 1.0073962  1.0273995  1.         2.790615  ]
prim_fdr:: # Bump 1: w=-1.8097677, mu=[0.8345823  0.7460785  0.73084426 0.5084018  0.5042653 ], sigma=[1.3137399  1.0140822  0.995194   1.         0.07576748]
prim_fdr:: # Bump 2: w=-2.0217574, mu=[0.8309989  0.75807965 0.23712252 0.49045768 0.4981734 ], sigma=[1.2739542  0.8661098  1.032156   1.         0.07576748]
prim_fdr:: # Bump 3: w=-1.1090137, mu=[0.2476041 0.3969128 0.7634366 0.4945839 0.2702067], sigma=[0.82741076 1.1173124  0.96566796 1.         1.9820825 ]
prim_fdr:: # Bump 4: w=-2.1090276, mu=[0.24521278 0.3987779  0.25267848 0.51224    0.500235  ], sigma=[0.79673696 0.99509937 0.9795826  1.         0.07576748]
prim_fdr:: 

prim_fdr:: ## iteration 0
prim_fdr:: n_rej: 8798
prim_fdr:: n_rej sig: 8749
prim_fdr:: FD esti mirror: 877.00000
prim_fdr:: FD esti mirror sig: 893.40948
prim_fdr:: loss1: -0.17499
prim_fdr:: loss2: 0.03687
prim_fdr:: Estimated FDP: 0.10211
prim_fdr:: FDP: 0.0
prim_fdr:: Slope: a=[0.8886528  0.8703441  0.10748094 0.02814318 0.01288591], b=[-5.3455234]
prim_fdr:: Bump 0: w=-1.1128156, mu=[0.2438604  0.36277378 0.7149213  0.47157025 0.79569423], sigma=[0.8081582 1.0273962 1.0473994 1.0199987 2.8106146]
prim_fdr:: Bump 1: w=-1.8297676, mu=[0.8545823  0.7660785  0.75084424 0.5284008  0.5242636 ], sigma=[1.3337398  1.0340822  1.0151938  1.0199986  0.09576728]
prim_fdr:: Bump 2: w=-2.0417573, mu=[0.8509989  0.7780796  0.21712257 0.47047532 0.47817832], sigma=[1.293954   0.8861097  1.0521557  1.0199981  0.09576729]
prim_fdr:: Bump 3: w=-1.1290135, mu=[0.26760405 0.41691267 0.7834365  0.4745908  0.2502068 ], sigma=[0.8474107 1.1373124 0.9856676 1.0199977 2.0020819]
prim_fdr:: Bump 4: w=-2.1290274, mu=[0.26521248 0.41877785 0.23267855 0.532235   0.48023716], sigma=[0.8167369  1.0150993  0.9995823  1.0199939  0.09576719]
prim_fdr:: 

prim_fdr:: ## iteration 300
prim_fdr:: n_rej: 9696
prim_fdr:: n_rej sig: 9673
prim_fdr:: FD esti mirror: 932.00000
prim_fdr:: FD esti mirror sig: 958.07574
prim_fdr:: loss1: -0.19348
prim_fdr:: loss2: 0.00000
prim_fdr:: Estimated FDP: 0.09904
prim_fdr:: FDP: 0.0
prim_fdr:: Slope: a=[ 0.6888076   0.6857522  -0.11188143 -0.16910271 -0.20398861], b=[-5.556545]
prim_fdr:: Bump 0: w=-0.9896308, mu=[0.21595035 0.34419316 0.6933134  0.49377504 0.82139283], sigma=[0.9373344  1.1746043  0.65835446 0.9080585  2.4977655 ]
prim_fdr:: Bump 1: w=-1.2462474, mu=[0.85210514 0.72286963 0.7861785  0.5156243  0.2086852 ], sigma=[ 1.2888745   1.1736575   0.62967926  0.6222722  -0.22283198]
prim_fdr:: Bump 2: w=-1.6804119, mu=[0.82296926 0.7525664  0.22587058 0.55163836 0.9133732 ], sigma=[ 1.2349297   1.1371031   0.4271338   0.53547156 -0.16569595]
prim_fdr:: Bump 3: w=-0.8505109, mu=[0.26243332 0.39235327 0.7315996  0.47499123 0.298836  ], sigma=[0.82810986 1.2399471  0.42988452 0.731229   1.687077  ]
prim_fdr:: Bump 4: w=-1.6848967, mu=[0.2621219  0.3793713  0.22779682 0.48745623 0.8669428 ], sigma=[ 0.8410553   1.1567421   0.678101    0.441766   -0.21055001]
prim_fdr:: 

prim_fdr:: ## iteration 600
prim_fdr:: n_rej: 9760
prim_fdr:: n_rej sig: 9756
prim_fdr:: FD esti mirror: 899.00000
prim_fdr:: FD esti mirror sig: 933.48859
prim_fdr:: loss1: -0.19513
prim_fdr:: loss2: 0.00000
prim_fdr:: Estimated FDP: 0.09568
prim_fdr:: FDP: 0.0
prim_fdr:: Slope: a=[ 0.64451146  0.6479557  -0.15859571 -0.20745076 -0.25002146], b=[-5.603351]
prim_fdr:: Bump 0: w=-0.8822082, mu=[0.24610423 0.3821911  0.6278705  0.5490586  0.8252573 ], sigma=[0.9318147  1.1711113  0.45695218 0.7810396  2.415848  ]
prim_fdr:: Bump 1: w=-1.1614486, mu=[0.8640353  0.7465631  0.81201875 0.52548414 0.21204874], sigma=[ 1.3107635   1.192595    0.5611594   0.5779416  -0.21211158]
prim_fdr:: Bump 2: w=-1.6204976, mu=[0.83271843 0.7481217  0.20688188 0.53951716 0.9012809 ], sigma=[ 1.2343338   1.191627    0.35278586  0.40982157 -0.15046692]
prim_fdr:: Bump 3: w=-0.81174374, mu=[0.23896411 0.39003292 0.7775041  0.438805   0.30359247], sigma=[0.846708   1.2657232  0.38900673 0.7399161  1.6012142 ]
prim_fdr:: Bump 4: w=-1.6257921, mu=[0.24233991 0.391466   0.18658413 0.4530035  0.86027247], sigma=[ 0.86232024  1.2012416   0.6353831   0.38771412 -0.20526406]
prim_fdr:: 

prim_fdr:: ## iteration 900
prim_fdr:: n_rej: 9899
prim_fdr:: n_rej sig: 9902
prim_fdr:: FD esti mirror: 935.00000
prim_fdr:: FD esti mirror sig: 976.63794
prim_fdr:: loss1: -0.19805
prim_fdr:: loss2: 0.00000
prim_fdr:: Estimated FDP: 0.09863
prim_fdr:: FDP: 0.0
prim_fdr:: Slope: a=[ 0.6306936   0.63731235 -0.17453587 -0.21829781 -0.26549193], b=[-5.6185555]
prim_fdr:: Bump 0: w=-0.8414463, mu=[0.24134022 0.3836771  0.6035129  0.5851416  0.8395037 ], sigma=[0.9273669  1.1590548  0.38509613 0.76219887 2.378053  ]
prim_fdr:: Bump 1: w=-1.118248, mu=[0.8642424  0.73724765 0.798942   0.49134678 0.20264493], sigma=[ 1.319085    1.1931814   0.52376163  0.5581062  -0.21098065]
prim_fdr:: Bump 2: w=-1.5857991, mu=[0.8344511  0.7448718  0.20568535 0.466629   0.9060116 ], sigma=[ 1.230504    1.2014158   0.31275833  0.36196923 -0.15379588]
prim_fdr:: Bump 3: w=-0.7936244, mu=[0.24945213 0.38275743 0.75303876 0.5343243  0.29788527], sigma=[0.84155023 1.2708954  0.36151564 0.75186014 1.576161  ]
prim_fdr:: Bump 4: w=-1.5977746, mu=[0.2406495  0.39574322 0.18193938 0.546473   0.8640317 ], sigma=[ 0.8482406   1.2139946   0.6060762   0.37781835 -0.20348088]
prim_fdr:: 

prim_fdr:: ## iteration 1200
prim_fdr:: n_rej: 9951
prim_fdr:: n_rej sig: 9941
prim_fdr:: FD esti mirror: 935.00000
prim_fdr:: FD esti mirror sig: 971.23071
prim_fdr:: loss1: -0.19883
prim_fdr:: loss2: 0.00000
prim_fdr:: Estimated FDP: 0.09769
prim_fdr:: FDP: 0.0
prim_fdr:: Slope: a=[ 0.6050436   0.61534226 -0.20280963 -0.23972462 -0.29347923], b=[-5.645883]
prim_fdr:: Bump 0: w=-0.8218528, mu=[0.2426134  0.38994086 0.66155726 0.6489911  0.8412063 ], sigma=[0.9434877  1.1663516  0.35587206 0.7659601  2.3562071 ]
prim_fdr:: Bump 1: w=-1.0877662, mu=[0.86571175 0.7470899  0.7968044  0.57350063 0.21778557], sigma=[ 1.3134316   1.2179332   0.47970787  0.54700756 -0.18518494]
prim_fdr:: Bump 2: w=-1.5307969, mu=[0.85846543 0.75125265 0.20601615 0.5517649  0.93902814], sigma=[ 1.1952555   1.2279671   0.26807183  0.33325142 -0.17819214]
prim_fdr:: Bump 3: w=-0.77907103, mu=[0.24993943 0.39423415 0.7548702  0.5728544  0.2961549 ], sigma=[0.84532803 1.290592   0.3488018  0.75783646 1.568379  ]
prim_fdr:: Bump 4: w=-1.5838778, mu=[0.23700234 0.40234897 0.16209133 0.6353842  0.8635845 ], sigma=[ 0.84920335  1.2433823   0.5950877   0.37668675 -0.19772002]
prim_fdr:: 

prim_fdr:: #time test: 944.5015s
prim_fdr:: ## Testing summary ##
prim_fdr:: # Total rejection: 19781
prim_fdr:: # False positive: 1886
prim_fdr:: # FDP: 0.0953

benchmark_cv_5DGM:: ## PF, n_rej1=9912, n_rej2=9869, n_rej_total=19781
benchmark_cv_5DGM:: ## Total time: 950.0s
