benchmark_2DGM:: ## BH, n_rej=9903, t_rej=0.00990
benchmark_2DGM:: ## SBH, n_rej=11380, t_rej=0.01459
prim_fdr:: ## PrimFDR_init starts
prim_fdr:: # Learning null distribution
font_manager:: findfont: Matching :family=sans-serif:style=normal:variant=normal:weight=normal:stretch=normal:size=10.0 to DejaVu Sans ('/home/martin/anaconda3/lib/python3.6/site-packages/matplotlib/mpl-data/fonts/ttf/DejaVuSans.ttf') with score of 0.050000
font_manager:: findfont: Matching :family=sans-serif:style=normal:variant=normal:weight=normal:stretch=normal:size=12.0 to DejaVu Sans ('/home/martin/anaconda3/lib/python3.6/site-packages/matplotlib/mpl-data/fonts/ttf/DejaVuSans.ttf') with score of 0.050000
prim_fdr:: # Learning alternative distribution
prim_fdr:: # Test result with PrimFDR_init
util:: # n_rej=19783
prim_fdr:: ## PrimFDR_init finishes

prim_fdr:: ## optimization paramter:
prim_fdr:: # n_itr=2000, n_samp=100000, lambda0=271, lambda1=100

prim_fdr:: ## optimization initialization:
prim_fdr:: # Slope: a=[0.03746307 0.1839328 ], b=[-5.5836954]
prim_fdr:: # Bump 0: w=-1.2936428, mu=[0.7756054 0.7577765], sigma=[1.4339657 1.3522083]
prim_fdr:: # Bump 1: w=-1.9039186, mu=[0.24636315 0.42065054], sigma=[0.40115258 0.9604132 ]
prim_fdr:: # Bump 2: w=-2.64665, mu=[0.78930104 0.74217194], sigma=[0.3840167 0.7822761]
prim_fdr:: # Bump 3: w=-1.7393157, mu=[0.25489244 0.37737948], sigma=[0.39344004 0.9974769 ]
prim_fdr:: # Bump 4: w=-0.8607003, mu=[0.9117701 0.7558653], sigma=[2.387425  0.9076256]
prim_fdr:: 

prim_fdr:: ## iteration 0
prim_fdr:: n_rej: 20490
prim_fdr:: n_rej sig: 20515
prim_fdr:: FD esti mirror: 2261.00000
prim_fdr:: FD esti mirror sig: 2302.25610
prim_fdr:: loss1: -0.20515
prim_fdr:: loss2: 0.25073
prim_fdr:: Estimated FDP: 0.11222
prim_fdr:: FDP: 0.0
prim_fdr:: Slope: a=[-0.01253679  0.13393293], b=[-5.633695]
prim_fdr:: Bump 0: w=-1.3436427, mu=[0.8256054  0.80777645], sigma=[1.4839655 1.4022082]
prim_fdr:: Bump 1: w=-1.9539186, mu=[0.19636321 0.3706506 ], sigma=[0.45115256 1.0104132 ]
prim_fdr:: Bump 2: w=-2.69665, mu=[0.839301  0.7921719], sigma=[0.43401664 0.832276  ]
prim_fdr:: Bump 3: w=-1.7893157, mu=[0.20489246 0.42737946], sigma=[0.44344002 1.0474768 ]
prim_fdr:: Bump 4: w=-0.91070026, mu=[0.86177015 0.7058653 ], sigma=[2.4374247  0.95762557]
prim_fdr:: 

prim_fdr:: ## iteration 400
prim_fdr:: n_rej: 20125
prim_fdr:: n_rej sig: 20123
prim_fdr:: FD esti mirror: 1950.00000
prim_fdr:: FD esti mirror sig: 2003.70483
prim_fdr:: loss1: -0.20123
prim_fdr:: loss2: 0.00000
prim_fdr:: Estimated FDP: 0.09957
prim_fdr:: FDP: 0.0
prim_fdr:: Slope: a=[-0.321852   -0.12418682], b=[-5.930846]
prim_fdr:: Bump 0: w=-1.1810966, mu=[0.8053288 0.7464427], sigma=[1.312346  1.2412709]
prim_fdr:: Bump 1: w=-1.7767626, mu=[0.2294052  0.37616456], sigma=[0.41528034 1.1034464 ]
prim_fdr:: Bump 2: w=-2.6294541, mu=[0.7883342 0.7516817], sigma=[0.48309097 0.94096774]
prim_fdr:: Bump 3: w=-1.5075511, mu=[0.24784267 0.40809274], sigma=[0.44799006 1.0746541 ]
prim_fdr:: Bump 4: w=-1.0533917, mu=[0.9279482  0.74222326], sigma=[2.0818725 1.1908284]
prim_fdr:: 

prim_fdr:: ## iteration 800
prim_fdr:: n_rej: 20181
prim_fdr:: n_rej sig: 20188
prim_fdr:: FD esti mirror: 1950.00000
prim_fdr:: FD esti mirror sig: 2009.31543
prim_fdr:: loss1: -0.20188
prim_fdr:: loss2: 0.00000
prim_fdr:: Estimated FDP: 0.09953
prim_fdr:: FDP: 0.0
prim_fdr:: Slope: a=[-0.3539926  -0.15075023], b=[-5.961916]
prim_fdr:: Bump 0: w=-1.1546453, mu=[0.80308783 0.74562544], sigma=[1.2772177 1.257663 ]
prim_fdr:: Bump 1: w=-1.7387385, mu=[0.23389918 0.38868302], sigma=[0.43301967 1.1052628 ]
prim_fdr:: Bump 2: w=-2.6161778, mu=[0.7980751 0.756042 ], sigma=[0.4800223  0.95269156]
prim_fdr:: Bump 3: w=-1.4658438, mu=[0.24559289 0.3999365 ], sigma=[0.46361932 1.0781054 ]
prim_fdr:: Bump 4: w=-1.0140191, mu=[0.92056024 0.741699  ], sigma=[2.051126  1.1887686]
prim_fdr:: 

prim_fdr:: ## iteration 1200
prim_fdr:: n_rej: 20180
prim_fdr:: n_rej sig: 20188
prim_fdr:: FD esti mirror: 1949.00000
prim_fdr:: FD esti mirror sig: 2005.88428
prim_fdr:: loss1: -0.20189
prim_fdr:: loss2: 0.00000
prim_fdr:: Estimated FDP: 0.09936
prim_fdr:: FDP: 0.0
prim_fdr:: Slope: a=[-0.36692345 -0.16123773], b=[-5.973976]
prim_fdr:: Bump 0: w=-1.1507556, mu=[0.8030922 0.7437773], sigma=[1.2774588 1.2664404]
prim_fdr:: Bump 1: w=-1.7258667, mu=[0.2343323  0.39061353], sigma=[0.43802834 1.1052599 ]
prim_fdr:: Bump 2: w=-2.6163425, mu=[0.80052644 0.7600858 ], sigma=[0.48160338 0.95885813]
prim_fdr:: Bump 3: w=-1.4521028, mu=[0.2445772  0.39908832], sigma=[0.4682818 1.0781039]
prim_fdr:: Bump 4: w=-1.011645, mu=[0.9191178 0.744519 ], sigma=[2.048907  1.1884469]
prim_fdr:: 

prim_fdr:: ## iteration 1600
prim_fdr:: n_rej: 20229
prim_fdr:: n_rej sig: 20229
prim_fdr:: FD esti mirror: 1966.00000
prim_fdr:: FD esti mirror sig: 2020.77356
prim_fdr:: loss1: -0.20230
prim_fdr:: loss2: 0.00000
prim_fdr:: Estimated FDP: 0.09989
prim_fdr:: FDP: 0.0
prim_fdr:: Slope: a=[-0.377653   -0.16957799], b=[-5.9839168]
prim_fdr:: Bump 0: w=-1.1444305, mu=[0.80112493 0.74222237], sigma=[1.2754581 1.2716998]
prim_fdr:: Bump 1: w=-1.7138268, mu=[0.2355394 0.390895 ], sigma=[0.44063473 1.1038147 ]
prim_fdr:: Bump 2: w=-2.6138356, mu=[0.7996805  0.76162255], sigma=[0.48015827 0.9620945 ]
prim_fdr:: Bump 3: w=-1.4394208, mu=[0.24534906 0.39806452], sigma=[0.47063595 1.0765412 ]
prim_fdr:: Bump 4: w=-1.0073371, mu=[0.9189895  0.74553907], sigma=[2.0437343 1.1852667]
prim_fdr:: 

benchmark_2DGM:: ## PF, n_rej=20370
benchmark_2DGM:: ## Total time: 1164.0s
