benchmark_cv_airway:: ## BH, n_rej=4079, t_rej=0.01218
benchmark_cv_airway:: ## SBH, n_rej=4079, t_rej=0.01218
prim_fdr:: #time start: 0.0s
prim_fdr:: #time input: 0.0019s
prim_fdr:: ## testing fold 1: 0.0020s
prim_fdr:: ## PrimFDR_init starts
prim_fdr:: # Learning null distribution
font_manager:: findfont: Matching :family=sans-serif:style=normal:variant=normal:weight=normal:stretch=normal:size=10.0 to DejaVu Sans ('/home/martin/anaconda3/lib/python3.6/site-packages/matplotlib/mpl-data/fonts/ttf/DejaVuSans.ttf') with score of 0.050000
prim_fdr:: # Learning alternative distribution
prim_fdr:: # Test result with PrimFDR_init
util:: # n_rej=3035
prim_fdr:: ## PrimFDR_init finishes

prim_fdr:: ## optimization paramter:
prim_fdr:: # n_itr=1500, n_samp=16735, lambda0=479, lambda1=100

prim_fdr:: ## optimization initialization:
prim_fdr:: # Slope: a=[4.413246], b=[-8.4150095]
prim_fdr:: # Bump 0: w=-1.0600108, mu=[0.9644056], sigma=[2.328957]
prim_fdr:: # Bump 1: w=-3.252192, mu=[0.61249036], sigma=[0.31809387]
prim_fdr:: # Bump 2: w=-1.8969728, mu=[0.7917659], sigma=[0.71748316]
prim_fdr:: # Bump 3: w=-2.3396575, mu=[0.68960726], sigma=[0.5779155]
prim_fdr:: # Bump 4: w=-1.5769818, mu=[0.8897862], sigma=[1.0575503]
prim_fdr:: 

prim_fdr:: ## iteration 0
prim_fdr:: n_rej: 3637
prim_fdr:: n_rej sig: 3633
prim_fdr:: FD esti mirror: 592.00000
prim_fdr:: FD esti mirror sig: 595.17511
prim_fdr:: loss1: -0.21712
prim_fdr:: loss2: 1.38529
prim_fdr:: Estimated FDP: 0.16380
prim_fdr:: FDP: 0.0
prim_fdr:: Slope: a=[4.393246], b=[-8.435009]
prim_fdr:: Bump 0: w=-1.0800108, mu=[0.9844056], sigma=[2.348957]
prim_fdr:: Bump 1: w=-3.272192, mu=[0.63249034], sigma=[0.33809385]
prim_fdr:: Bump 2: w=-1.9169728, mu=[0.77176595], sigma=[0.73748314]
prim_fdr:: Bump 3: w=-2.3596575, mu=[0.70960724], sigma=[0.5979155]
prim_fdr:: Bump 4: w=-1.5969818, mu=[0.90978616], sigma=[1.0775503]
prim_fdr:: 

prim_fdr:: ## iteration 300
prim_fdr:: n_rej: 2925
prim_fdr:: n_rej sig: 2918
prim_fdr:: FD esti mirror: 273.00000
prim_fdr:: FD esti mirror sig: 280.72409
prim_fdr:: loss1: -0.17442
prim_fdr:: loss2: 0.00000
prim_fdr:: Estimated FDP: 0.09617
prim_fdr:: FDP: 0.0
prim_fdr:: Slope: a=[4.211313], b=[-8.671869]
prim_fdr:: Bump 0: w=-1.2537242, mu=[1.1659963], sigma=[2.5588026]
prim_fdr:: Bump 1: w=-3.5737798, mu=[0.8709117], sigma=[0.61355853]
prim_fdr:: Bump 2: w=-2.2357142, mu=[0.7391146], sigma=[1.0594856]
prim_fdr:: Bump 3: w=-2.6261244, mu=[0.6482304], sigma=[0.8901668]
prim_fdr:: Bump 4: w=-1.8731959, mu=[0.93584144], sigma=[1.2482717]
prim_fdr:: 

prim_fdr:: ## iteration 600
prim_fdr:: n_rej: 2996
prim_fdr:: n_rej sig: 2990
prim_fdr:: FD esti mirror: 291.00000
prim_fdr:: FD esti mirror sig: 298.22305
prim_fdr:: loss1: -0.17870
prim_fdr:: loss2: 0.00000
prim_fdr:: Estimated FDP: 0.09972
prim_fdr:: FDP: 0.0
prim_fdr:: Slope: a=[4.249971], b=[-8.655065]
prim_fdr:: Bump 0: w=-1.2537242, mu=[1.1659963], sigma=[2.5588026]
prim_fdr:: Bump 1: w=-3.5745099, mu=[0.90002215], sigma=[0.5989221]
prim_fdr:: Bump 2: w=-2.184084, mu=[0.7512666], sigma=[1.0332234]
prim_fdr:: Bump 3: w=-2.5198557, mu=[0.65262264], sigma=[0.82790035]
prim_fdr:: Bump 4: w=-1.8749905, mu=[0.917222], sigma=[1.2385062]
prim_fdr:: 

prim_fdr:: ## iteration 900
prim_fdr:: n_rej: 3018
prim_fdr:: n_rej sig: 3007
prim_fdr:: FD esti mirror: 290.00000
prim_fdr:: FD esti mirror sig: 300.43277
prim_fdr:: loss1: -0.17968
prim_fdr:: loss2: 0.00000
prim_fdr:: Estimated FDP: 0.09991
prim_fdr:: FDP: 0.0
prim_fdr:: Slope: a=[4.26149], b=[-8.657445]
prim_fdr:: Bump 0: w=-1.2537242, mu=[1.1659963], sigma=[2.5588026]
prim_fdr:: Bump 1: w=-3.5688443, mu=[0.92302674], sigma=[0.60391814]
prim_fdr:: Bump 2: w=-2.1689503, mu=[0.74868727], sigma=[1.0363735]
prim_fdr:: Bump 3: w=-2.4981484, mu=[0.6430724], sigma=[0.7892234]
prim_fdr:: Bump 4: w=-1.8576865, mu=[0.90917504], sigma=[1.24593]
prim_fdr:: 

prim_fdr:: ## iteration 1200
prim_fdr:: n_rej: 3014
prim_fdr:: n_rej sig: 3003
prim_fdr:: FD esti mirror: 287.00000
prim_fdr:: FD esti mirror sig: 298.51001
prim_fdr:: loss1: -0.17946
prim_fdr:: loss2: 0.00000
prim_fdr:: Estimated FDP: 0.09940
prim_fdr:: FDP: 0.0
prim_fdr:: Slope: a=[4.2612057], b=[-8.673191]
prim_fdr:: Bump 0: w=-1.2537242, mu=[1.1659963], sigma=[2.5588026]
prim_fdr:: Bump 1: w=-3.5634637, mu=[0.9287852], sigma=[0.612631]
prim_fdr:: Bump 2: w=-2.1639254, mu=[0.7505275], sigma=[1.0385916]
prim_fdr:: Bump 3: w=-2.496101, mu=[0.64175767], sigma=[0.7630779]
prim_fdr:: Bump 4: w=-1.8393952, mu=[0.91918343], sigma=[1.2707465]
prim_fdr:: 

prim_fdr:: ## testing fold 2: 39.8351s
prim_fdr:: ## PrimFDR_init starts
prim_fdr:: # Learning null distribution
prim_fdr:: # Learning alternative distribution
prim_fdr:: # Test result with PrimFDR_init
util:: # n_rej=2975
prim_fdr:: ## PrimFDR_init finishes

prim_fdr:: ## optimization paramter:
prim_fdr:: # n_itr=1500, n_samp=16734, lambda0=672, lambda1=100

prim_fdr:: ## optimization initialization:
prim_fdr:: # Slope: a=[4.2667766], b=[-9.323561]
prim_fdr:: # Bump 0: w=-3.341725, mu=[0.61711615], sigma=[0.18330556]
prim_fdr:: # Bump 1: w=-1.3803306, mu=[0.91065717], sigma=[0.90595317]
prim_fdr:: # Bump 2: w=-2.1971827, mu=[0.70231897], sigma=[0.32720003]
prim_fdr:: # Bump 3: w=-0.90518016, mu=[0.972454], sigma=[3.1202173]
prim_fdr:: # Bump 4: w=-1.6784396, mu=[0.8203594], sigma=[0.46332395]
prim_fdr:: 

prim_fdr:: ## iteration 0
prim_fdr:: n_rej: 3641
prim_fdr:: n_rej sig: 3639
prim_fdr:: FD esti mirror: 668.00000
prim_fdr:: FD esti mirror sig: 675.02179
prim_fdr:: loss1: -0.21749
prim_fdr:: loss2: 1.85894
prim_fdr:: Estimated FDP: 0.18547
prim_fdr:: FDP: 0.0
prim_fdr:: Slope: a=[4.2467766], b=[-9.34356]
prim_fdr:: Bump 0: w=-3.361725, mu=[0.63711613], sigma=[0.20330556]
prim_fdr:: Bump 1: w=-1.4003305, mu=[0.93065715], sigma=[0.92595315]
prim_fdr:: Bump 2: w=-2.2171826, mu=[0.682319], sigma=[0.3472]
prim_fdr:: Bump 3: w=-0.8851803, mu=[0.992454], sigma=[3.140217]
prim_fdr:: Bump 4: w=-1.6984396, mu=[0.8403594], sigma=[0.48332393]
prim_fdr:: 

prim_fdr:: ## iteration 300
prim_fdr:: n_rej: 2961
prim_fdr:: n_rej sig: 2961
prim_fdr:: FD esti mirror: 287.00000
prim_fdr:: FD esti mirror sig: 293.29239
prim_fdr:: loss1: -0.17699
prim_fdr:: loss2: 0.00000
prim_fdr:: Estimated FDP: 0.09902
prim_fdr:: FDP: 0.0
prim_fdr:: Slope: a=[4.392926], b=[-9.230827]
prim_fdr:: Bump 0: w=-3.3389807, mu=[0.657919], sigma=[0.2809618]
prim_fdr:: Bump 1: w=-1.6393129, mu=[1.1899931], sigma=[1.1717727]
prim_fdr:: Bump 2: w=-2.2749388, mu=[0.77975386], sigma=[0.39944148]
prim_fdr:: Bump 3: w=-1.0349474, mu=[1.1656575], sigma=[3.3075538]
prim_fdr:: Bump 4: w=-1.8088472, mu=[0.89905673], sigma=[0.50229084]
prim_fdr:: 

prim_fdr:: ## iteration 600
prim_fdr:: n_rej: 2960
prim_fdr:: n_rej sig: 2956
prim_fdr:: FD esti mirror: 290.00000
prim_fdr:: FD esti mirror sig: 291.20944
prim_fdr:: loss1: -0.17666
prim_fdr:: loss2: 0.00000
prim_fdr:: Estimated FDP: 0.09851
prim_fdr:: FDP: 0.0
prim_fdr:: Slope: a=[4.380674], b=[-9.257358]
prim_fdr:: Bump 0: w=-3.2726057, mu=[0.65457726], sigma=[0.3044145]
prim_fdr:: Bump 1: w=-1.6393129, mu=[1.1899931], sigma=[1.1717727]
prim_fdr:: Bump 2: w=-2.3393645, mu=[0.7448643], sigma=[0.3299765]
prim_fdr:: Bump 3: w=-1.0349474, mu=[1.1656575], sigma=[3.3075538]
prim_fdr:: Bump 4: w=-1.8698896, mu=[0.917396], sigma=[0.47159225]
prim_fdr:: 

prim_fdr:: ## iteration 900
prim_fdr:: n_rej: 3017
prim_fdr:: n_rej sig: 3015
prim_fdr:: FD esti mirror: 288.00000
prim_fdr:: FD esti mirror sig: 295.35049
prim_fdr:: loss1: -0.18018
prim_fdr:: loss2: 0.00000
prim_fdr:: Estimated FDP: 0.09796
prim_fdr:: FDP: 0.0
prim_fdr:: Slope: a=[4.4000854], b=[-9.2476]
prim_fdr:: Bump 0: w=-3.2612574, mu=[0.63237095], sigma=[0.29787073]
prim_fdr:: Bump 1: w=-1.6393129, mu=[1.1899931], sigma=[1.1717727]
prim_fdr:: Bump 2: w=-2.332017, mu=[0.74852234], sigma=[0.3169543]
prim_fdr:: Bump 3: w=-1.0349474, mu=[1.1656575], sigma=[3.3075538]
prim_fdr:: Bump 4: w=-1.8690025, mu=[0.9012567], sigma=[0.43268356]
prim_fdr:: 

prim_fdr:: ## iteration 1200
prim_fdr:: n_rej: 3010
prim_fdr:: n_rej sig: 3007
prim_fdr:: FD esti mirror: 288.00000
prim_fdr:: FD esti mirror sig: 293.32254
prim_fdr:: loss1: -0.17974
prim_fdr:: loss2: 0.00000
prim_fdr:: Estimated FDP: 0.09752
prim_fdr:: FDP: 0.0
prim_fdr:: Slope: a=[4.3992395], b=[-9.255308]
prim_fdr:: Bump 0: w=-3.2592483, mu=[0.6341302], sigma=[0.302284]
prim_fdr:: Bump 1: w=-1.6393129, mu=[1.1899931], sigma=[1.1717727]
prim_fdr:: Bump 2: w=-2.3186874, mu=[0.7522213], sigma=[0.32169548]
prim_fdr:: Bump 3: w=-1.0349474, mu=[1.1656575], sigma=[3.3075538]
prim_fdr:: Bump 4: w=-1.8820553, mu=[0.90809655], sigma=[0.43316895]
prim_fdr:: 

prim_fdr:: #time test: 77.8035s
font_manager:: findfont: Matching :family=sans-serif:style=normal:variant=normal:weight=normal:stretch=normal:size=12.0 to DejaVu Sans ('/home/martin/anaconda3/lib/python3.6/site-packages/matplotlib/mpl-data/fonts/ttf/DejaVuSans.ttf') with score of 0.050000
benchmark_cv_airway:: ## PF, n_rej1=2915, n_rej2=3019, n_rej_total=5934
benchmark_cv_airway:: ## Total time: 79.0s
