<ipython-input-5-8b2e850ebc98>:: ## BH, n_rej=151, t_rej=0.00002
<ipython-input-5-8b2e850ebc98>:: ## SBH, n_rej=151, t_rej=0.00002
prim_fdr:: ## PrimFDR_init starts
prim_fdr:: # Learning null distribution
font_manager:: findfont: Matching :family=sans-serif:style=normal:variant=normal:weight=normal:stretch=normal:size=10.0 to DejaVu Sans ('/home/fei/anaconda2/envs/py27/lib/python2.7/site-packages/matplotlib/mpl-data/fonts/ttf/DejaVuSans.ttf') with score of 0.050000
font_manager:: findfont: Matching :family=sans-serif:style=normal:variant=normal:weight=normal:stretch=normal:size=12.0 to DejaVu Sans ('/home/fei/anaconda2/envs/py27/lib/python2.7/site-packages/matplotlib/mpl-data/fonts/ttf/DejaVuSans.ttf') with score of 0.050000
prim_fdr:: # Learning alternative distribution
prim_fdr:: # Test result with PrimFDR_init
util:: # n_rej=207
prim_fdr:: ## PrimFDR_init finishes

prim_fdr:: ## optimization paramter:
prim_fdr:: # n_itr=5000, n_samp=89577, lambda0=58822, lambda1=100

prim_fdr:: ## optimization initialization:
prim_fdr:: # Slope: a=[0.35481414 0.1839328 ], b=[-10.689454]
prim_fdr:: # Bump 0: w=-14.425291, mu=[0.5699532  0.63636035], sigma=[0.43176037 0.22797531]
prim_fdr:: # Bump 1: w=-10.275851, mu=[0.2343956 0.0994038], sigma=[0.62402254 1.9214565 ]
prim_fdr:: # Bump 2: w=-13.124336, mu=[0.5420624  0.51497054], sigma=[0.3285745 2.371688 ]
prim_fdr:: # Bump 3: w=-11.398835, mu=[0.4145213 0.725753 ], sigma=[1.0730476  0.28509724]
prim_fdr:: # Bump 4: w=-11.073736, mu=[0.14485638 0.3923754 ], sigma=[2.542595   0.19378313]
prim_fdr:: 

prim_fdr:: ## iteration 0
prim_fdr:: n_rej: 209
prim_fdr:: n_rej sig: 203
prim_fdr:: FD esti mirror: 21.00000
prim_fdr:: FD esti mirror sig: 21.30231
prim_fdr:: loss1: -0.00227
prim_fdr:: loss2: 0.00112
prim_fdr:: Estimated FDP: 0.10492
prim_fdr:: FDP: 0.0
prim_fdr:: Slope: a=[0.33481628 0.16393498], b=[-10.709453]
prim_fdr:: Bump 0: w=-14.444854, mu=[0.58937436 0.6172638 ], sigma=[0.4513819  0.24771252]
prim_fdr:: Bump 1: w=-10.295808, mu=[0.2143971  0.11940292], sigma=[0.64400256 1.941422  ]
prim_fdr:: Bump 2: w=-13.143884, mu=[0.56202203 0.4949949 ], sigma=[0.3483823 2.3897967]
prim_fdr:: Bump 3: w=-11.418811, mu=[0.39453655 0.7057586 ], sigma=[1.0929894  0.30508152]
prim_fdr:: Bump 4: w=-11.093702, mu=[0.12486424 0.41234478], sigma=[2.5624354  0.21376334]
prim_fdr:: 

prim_fdr:: ## PrimFDR_init starts
prim_fdr:: # Learning null distribution
prim_fdr:: # Learning alternative distribution
prim_fdr:: # Test result with PrimFDR_init
util:: # n_rej=207
prim_fdr:: ## PrimFDR_init finishes

prim_fdr:: ## optimization paramter:
prim_fdr:: # n_itr=1000, n_samp=89577, lambda0=58822, lambda1=100

prim_fdr:: ## optimization initialization:
prim_fdr:: # Slope: a=[0.35481414 0.1839328 ], b=[-10.689454]
prim_fdr:: # Bump 0: w=-14.425291, mu=[0.5699532  0.63636035], sigma=[0.43176037 0.22797531]
prim_fdr:: # Bump 1: w=-10.275851, mu=[0.2343956 0.0994038], sigma=[0.62402254 1.9214565 ]
prim_fdr:: # Bump 2: w=-13.124336, mu=[0.5420624  0.51497054], sigma=[0.3285745 2.371688 ]
prim_fdr:: # Bump 3: w=-11.398835, mu=[0.4145213 0.725753 ], sigma=[1.0730476  0.28509724]
prim_fdr:: # Bump 4: w=-11.073736, mu=[0.14485638 0.3923754 ], sigma=[2.542595   0.19378313]
prim_fdr:: 

prim_fdr:: ## iteration 0
prim_fdr:: n_rej: 209
prim_fdr:: n_rej sig: 203
prim_fdr:: FD esti mirror: 21.00000
prim_fdr:: FD esti mirror sig: 21.30231
prim_fdr:: loss1: -0.00227
prim_fdr:: loss2: 0.00112
prim_fdr:: Estimated FDP: 0.10492
prim_fdr:: FDP: 0.0
prim_fdr:: Slope: a=[0.33481628 0.16393498], b=[-10.709453]
prim_fdr:: Bump 0: w=-14.444854, mu=[0.58937436 0.6172638 ], sigma=[0.4513819  0.24771252]
prim_fdr:: Bump 1: w=-10.295808, mu=[0.2143971  0.11940292], sigma=[0.64400256 1.941422  ]
prim_fdr:: Bump 2: w=-13.143884, mu=[0.56202203 0.4949949 ], sigma=[0.3483823 2.3897967]
prim_fdr:: Bump 3: w=-11.418811, mu=[0.39453655 0.7057586 ], sigma=[1.0929894  0.30508152]
prim_fdr:: Bump 4: w=-11.093702, mu=[0.12486424 0.41234478], sigma=[2.5624354  0.21376334]
prim_fdr:: 

prim_fdr:: ## iteration 200
prim_fdr:: n_rej: 291
prim_fdr:: n_rej sig: 280
prim_fdr:: FD esti mirror: 23.00000
prim_fdr:: FD esti mirror sig: 27.41403
prim_fdr:: loss1: -0.00313
prim_fdr:: loss2: 0.00000
prim_fdr:: Estimated FDP: 0.09763
prim_fdr:: FDP: 0.0
prim_fdr:: Slope: a=[0.3526381  0.20154253], b=[-10.7134905]
prim_fdr:: Bump 0: w=-13.770946, mu=[0.6550785  0.48543346], sigma=[0.82021534 0.4901135 ]
prim_fdr:: Bump 1: w=-9.026674, mu=[0.21162878 0.1186953 ], sigma=[0.06410743 3.1799233 ]
prim_fdr:: Bump 2: w=-11.160864, mu=[0.4807411  0.40267938], sigma=[-0.00816733  2.232612  ]
prim_fdr:: Bump 3: w=-9.225865, mu=[0.25956818 0.5598065 ], sigma=[1.7674516 0.620638 ]
prim_fdr:: Bump 4: w=-8.807087, mu=[-0.01546933  0.47324026], sigma=[3.1514277  0.12181924]
prim_fdr:: 

prim_fdr:: ## iteration 400
prim_fdr:: n_rej: 314
prim_fdr:: n_rej sig: 299
prim_fdr:: FD esti mirror: 26.00000
prim_fdr:: FD esti mirror sig: 29.85422
prim_fdr:: loss1: -0.00334
prim_fdr:: loss2: 0.00000
prim_fdr:: Estimated FDP: 0.09964
prim_fdr:: FDP: 0.0
prim_fdr:: Slope: a=[0.4110203  0.24743772], b=[-10.692398]
prim_fdr:: Bump 0: w=-13.416196, mu=[0.6567509 0.505734 ], sigma=[0.8972805 0.500571 ]
prim_fdr:: Bump 1: w=-8.99213, mu=[0.3192349  0.13327792], sigma=[0.03633305 3.273518  ]
prim_fdr:: Bump 2: w=-11.065966, mu=[0.48184216 0.3955001 ], sigma=[-0.03480965  2.290849  ]
prim_fdr:: Bump 3: w=-9.03865, mu=[0.2714824 0.5635946], sigma=[1.9787081 0.5756843]
prim_fdr:: Bump 4: w=-8.576199, mu=[-0.02397738  0.4650435 ], sigma=[3.2761657  0.14123148]
prim_fdr:: 

prim_fdr:: ## iteration 600
prim_fdr:: n_rej: 317
prim_fdr:: n_rej sig: 301
prim_fdr:: FD esti mirror: 26.00000
prim_fdr:: FD esti mirror sig: 30.11408
prim_fdr:: loss1: -0.00337
prim_fdr:: loss2: 0.00000
prim_fdr:: Estimated FDP: 0.09990
prim_fdr:: FDP: 0.0
prim_fdr:: Slope: a=[0.41624153 0.25208104], b=[-10.693213]
prim_fdr:: Bump 0: w=-13.343845, mu=[0.65594965 0.5086799 ], sigma=[0.91754675 0.50279385]
prim_fdr:: Bump 1: w=-8.986371, mu=[0.33002847 0.13420227], sigma=[0.03650993 3.2939918 ]
prim_fdr:: Bump 2: w=-11.039902, mu=[0.48240703 0.39495578], sigma=[-0.0424976  2.309433 ]
prim_fdr:: Bump 3: w=-9.0176115, mu=[0.27167726 0.5650823 ], sigma=[2.0136957 0.5762429]
prim_fdr:: Bump 4: w=-8.532854, mu=[-0.02473808  0.46593857], sigma=[3.2976925 0.1403857]
prim_fdr:: 

prim_fdr:: ## iteration 800
prim_fdr:: n_rej: 317
prim_fdr:: n_rej sig: 301
prim_fdr:: FD esti mirror: 26.00000
prim_fdr:: FD esti mirror sig: 30.18614
prim_fdr:: loss1: -0.00337
prim_fdr:: loss2: 0.00000
prim_fdr:: Estimated FDP: 0.09998
prim_fdr:: FDP: 0.0
prim_fdr:: Slope: a=[0.4173454  0.25309488], b=[-10.693263]
prim_fdr:: Bump 0: w=-13.3296795, mu=[0.65587425 0.5095045 ], sigma=[0.9212776  0.50293976]
prim_fdr:: Bump 1: w=-8.985004, mu=[0.33240622 0.13445921], sigma=[0.03647475 3.29795   ]
prim_fdr:: Bump 2: w=-11.033364, mu=[0.48256186 0.39480415], sigma=[-0.04445267  2.3132696 ]
prim_fdr:: Bump 3: w=-9.013699, mu=[0.27181047 0.56550264], sigma=[2.020037  0.5763281]
prim_fdr:: Bump 4: w=-8.5239525, mu=[-0.0248071  0.466237 ], sigma=[3.301633   0.14011106]
prim_fdr:: 

<ipython-input-7-fad038481382>:: ## PF, n_rej=203
prim_fdr:: ## PrimFDR_init starts
prim_fdr:: # Learning null distribution
prim_fdr:: # Learning alternative distribution
prim_fdr:: # Test result with PrimFDR_init
util:: # n_rej=235
prim_fdr:: ## PrimFDR_init finishes

prim_fdr:: ## optimization paramter:
prim_fdr:: # n_itr=1000, n_samp=89577, lambda0=630476309, lambda1=100

prim_fdr:: ## optimization initialization:
prim_fdr:: # Slope: a=[ 0.02983444  0.46619216 -0.09224411  0.01152573 -0.00983841 -0.05561936], b=[-10.392818]
prim_fdr:: # Bump 0: w=-15.842263, mu=[0.5076347  0.6030108  0.49361175 0.32689258 0.49576434 0.49527627], sigma=[0.01031605 0.27542433 1.         1.4851567  0.05388432 1.        ]
prim_fdr:: # Bump 1: w=-14.054415, mu=[0.4946319  0.5069075  0.49444777 0.6875694  0.38169464 0.5161309 ], sigma=[0.01031605 0.90839684 1.         1.8774496  2.2124686  1.        ]
prim_fdr:: # Bump 2: w=-12.480042, mu=[0.83738863 0.08378987 0.49606588 0.4905011  0.48638636 0.5001306 ], sigma=[4.3866315  2.5497675  1.         0.03486075 0.05388432 1.        ]
prim_fdr:: # Bump 3: w=-14.465599, mu=[0.49213737 0.5213393  0.5170608  0.7162996  0.74177456 0.5173663 ], sigma=[0.01031605 0.30425563 1.         1.5676723  2.6258783  1.        ]
prim_fdr:: # Bump 4: w=-13.749366, mu=[0.23742872 0.15040374 0.4988694  0.49180114 0.50778705 0.50222194], sigma=[0.5824203  0.96215564 1.         0.03486075 0.05388432 1.        ]
prim_fdr:: 

prim_fdr:: ## iteration 0
prim_fdr:: n_rej: 219
prim_fdr:: n_rej sig: 219
prim_fdr:: FD esti mirror: 22.00000
prim_fdr:: FD esti mirror sig: 22.00018
prim_fdr:: loss1: -0.00244
prim_fdr:: loss2: 0.00011
prim_fdr:: Estimated FDP: 0.10046
prim_fdr:: FDP: 0.0
prim_fdr:: Slope: a=[ 0.02983444  0.46619216 -0.09224411  0.01152573 -0.00983841 -0.05561936], b=[-10.392818]
prim_fdr:: Bump 0: w=-15.842263, mu=[0.5076347  0.6030108  0.49361175 0.32689258 0.49576434 0.49527627], sigma=[0.01031605 0.27542433 1.         1.4851567  0.05388432 1.        ]
prim_fdr:: Bump 1: w=-14.054415, mu=[0.4946319  0.5069075  0.49444777 0.6875694  0.38169464 0.5161309 ], sigma=[0.01031605 0.90839684 1.         1.8774496  2.2124686  1.        ]
prim_fdr:: Bump 2: w=-12.480042, mu=[0.83738863 0.08378987 0.49606588 0.4905011  0.48638636 0.5001306 ], sigma=[4.3866315  2.5497675  1.         0.03486075 0.05388432 1.        ]
prim_fdr:: Bump 3: w=-14.465599, mu=[0.49213737 0.5213393  0.5170608  0.7162996  0.74177456 0.5173663 ], sigma=[0.01031605 0.30425563 1.         1.5676723  2.6258783  1.        ]
prim_fdr:: Bump 4: w=-13.749366, mu=[0.23742872 0.15040374 0.4988694  0.49180114 0.50778705 0.50222194], sigma=[0.5824203  0.96215564 1.         0.03486075 0.05388432 1.        ]
prim_fdr:: 

prim_fdr:: ## iteration 200
prim_fdr:: n_rej: 219
prim_fdr:: n_rej sig: 219
prim_fdr:: FD esti mirror: 22.00000
prim_fdr:: FD esti mirror sig: 22.00018
prim_fdr:: loss1: -0.00244
prim_fdr:: loss2: 0.00011
prim_fdr:: Estimated FDP: 0.10046
prim_fdr:: FDP: 0.0
prim_fdr:: Slope: a=[ 0.02983444  0.46619216 -0.09224411  0.01152573 -0.00983841 -0.05561936], b=[-10.392818]
prim_fdr:: Bump 0: w=-15.842263, mu=[0.5076347  0.6030108  0.49361175 0.32689258 0.49576434 0.49527627], sigma=[0.01031605 0.27542433 1.         1.4851567  0.05388432 1.        ]
prim_fdr:: Bump 1: w=-14.054415, mu=[0.4946319  0.5069075  0.49444777 0.6875694  0.38169464 0.5161309 ], sigma=[0.01031605 0.90839684 1.         1.8774496  2.2124686  1.        ]
prim_fdr:: Bump 2: w=-12.480042, mu=[0.83738863 0.08378987 0.49606588 0.4905011  0.48638636 0.5001306 ], sigma=[4.3866315  2.5497675  1.         0.03486075 0.05388432 1.        ]
prim_fdr:: Bump 3: w=-14.465599, mu=[0.49213737 0.5213393  0.5170608  0.7162996  0.74177456 0.5173663 ], sigma=[0.01031605 0.30425563 1.         1.5676723  2.6258783  1.        ]
prim_fdr:: Bump 4: w=-13.749366, mu=[0.23742872 0.15040374 0.4988694  0.49180114 0.50778705 0.50222194], sigma=[0.5824203  0.96215564 1.         0.03486075 0.05388432 1.        ]
prim_fdr:: 

prim_fdr:: ## iteration 400
prim_fdr:: n_rej: 219
prim_fdr:: n_rej sig: 219
prim_fdr:: FD esti mirror: 22.00000
prim_fdr:: FD esti mirror sig: 22.00018
prim_fdr:: loss1: -0.00244
prim_fdr:: loss2: 0.00011
prim_fdr:: Estimated FDP: 0.10046
prim_fdr:: FDP: 0.0
prim_fdr:: Slope: a=[ 0.02983444  0.46619216 -0.09224411  0.01152573 -0.00983841 -0.05561936], b=[-10.392818]
prim_fdr:: Bump 0: w=-15.842263, mu=[0.5076347  0.6030108  0.49361175 0.32689258 0.49576434 0.49527627], sigma=[0.01031605 0.27542433 1.         1.4851567  0.05388432 1.        ]
prim_fdr:: Bump 1: w=-14.054415, mu=[0.4946319  0.5069075  0.49444777 0.6875694  0.38169464 0.5161309 ], sigma=[0.01031605 0.90839684 1.         1.8774496  2.2124686  1.        ]
prim_fdr:: Bump 2: w=-12.480042, mu=[0.83738863 0.08378987 0.49606588 0.4905011  0.48638636 0.5001306 ], sigma=[4.3866315  2.5497675  1.         0.03486075 0.05388432 1.        ]
prim_fdr:: Bump 3: w=-14.465599, mu=[0.49213737 0.5213393  0.5170608  0.7162996  0.74177456 0.5173663 ], sigma=[0.01031605 0.30425563 1.         1.5676723  2.6258783  1.        ]
prim_fdr:: Bump 4: w=-13.749366, mu=[0.23742872 0.15040374 0.4988694  0.49180114 0.50778705 0.50222194], sigma=[0.5824203  0.96215564 1.         0.03486075 0.05388432 1.        ]
prim_fdr:: 

prim_fdr:: ## iteration 600
prim_fdr:: n_rej: 219
prim_fdr:: n_rej sig: 219
prim_fdr:: FD esti mirror: 22.00000
prim_fdr:: FD esti mirror sig: 22.00018
prim_fdr:: loss1: -0.00244
prim_fdr:: loss2: 0.00011
prim_fdr:: Estimated FDP: 0.10046
prim_fdr:: FDP: 0.0
prim_fdr:: Slope: a=[ 0.02983444  0.46619216 -0.09224411  0.01152573 -0.00983841 -0.05561936], b=[-10.392818]
prim_fdr:: Bump 0: w=-15.842263, mu=[0.5076347  0.6030108  0.49361175 0.32689258 0.49576434 0.49527627], sigma=[0.01031605 0.27542433 1.         1.4851567  0.05388432 1.        ]
prim_fdr:: Bump 1: w=-14.054415, mu=[0.4946319  0.5069075  0.49444777 0.6875694  0.38169464 0.5161309 ], sigma=[0.01031605 0.90839684 1.         1.8774496  2.2124686  1.        ]
prim_fdr:: Bump 2: w=-12.480042, mu=[0.83738863 0.08378987 0.49606588 0.4905011  0.48638636 0.5001306 ], sigma=[4.3866315  2.5497675  1.         0.03486075 0.05388432 1.        ]
prim_fdr:: Bump 3: w=-14.465599, mu=[0.49213737 0.5213393  0.5170608  0.7162996  0.74177456 0.5173663 ], sigma=[0.01031605 0.30425563 1.         1.5676723  2.6258783  1.        ]
prim_fdr:: Bump 4: w=-13.749366, mu=[0.23742872 0.15040374 0.4988694  0.49180114 0.50778705 0.50222194], sigma=[0.5824203  0.96215564 1.         0.03486075 0.05388432 1.        ]
prim_fdr:: 

prim_fdr:: ## iteration 800
prim_fdr:: n_rej: 219
prim_fdr:: n_rej sig: 219
prim_fdr:: FD esti mirror: 22.00000
prim_fdr:: FD esti mirror sig: 22.00018
prim_fdr:: loss1: -0.00244
prim_fdr:: loss2: 0.00011
prim_fdr:: Estimated FDP: 0.10046
prim_fdr:: FDP: 0.0
prim_fdr:: Slope: a=[ 0.02983444  0.46619216 -0.09224411  0.01152573 -0.00983841 -0.05561936], b=[-10.392818]
prim_fdr:: Bump 0: w=-15.842263, mu=[0.5076347  0.6030108  0.49361175 0.32689258 0.49576434 0.49527627], sigma=[0.01031605 0.27542433 1.         1.4851567  0.05388432 1.        ]
prim_fdr:: Bump 1: w=-14.054415, mu=[0.4946319  0.5069075  0.49444777 0.6875694  0.38169464 0.5161309 ], sigma=[0.01031605 0.90839684 1.         1.8774496  2.2124686  1.        ]
prim_fdr:: Bump 2: w=-12.480042, mu=[0.83738863 0.08378987 0.49606588 0.4905011  0.48638636 0.5001306 ], sigma=[4.3866315  2.5497675  1.         0.03486075 0.05388432 1.        ]
prim_fdr:: Bump 3: w=-14.465599, mu=[0.49213737 0.5213393  0.5170608  0.7162996  0.74177456 0.5173663 ], sigma=[0.01031605 0.30425563 1.         1.5676723  2.6258783  1.        ]
prim_fdr:: Bump 4: w=-13.749366, mu=[0.23742872 0.15040374 0.4988694  0.49180114 0.50778705 0.50222194], sigma=[0.5824203  0.96215564 1.         0.03486075 0.05388432 1.        ]
prim_fdr:: 

<ipython-input-10-ca3ada37a3ff>:: ## PF, n_rej=273
