benchmark_Gtex_full:: ## BH, n_rej=29348, t_rej=0.00028
benchmark_Gtex_full:: ## SBH, n_rej=29689, t_rej=0.00029
prim_fdr:: ## PrimFDR_init starts
prim_fdr:: # Learning null distribution
font_manager:: findfont: Matching :family=sans-serif:style=normal:variant=normal:weight=normal:stretch=normal:size=10.0 to DejaVu Sans ('/home/martin/anaconda3/lib/python3.6/site-packages/matplotlib/mpl-data/fonts/ttf/DejaVuSans.ttf') with score of 0.050000
font_manager:: findfont: Matching :family=sans-serif:style=normal:variant=normal:weight=normal:stretch=normal:size=12.0 to DejaVu Sans ('/home/martin/anaconda3/lib/python3.6/site-packages/matplotlib/mpl-data/fonts/ttf/DejaVuSans.ttf') with score of 0.050000
prim_fdr:: # Learning alternative distribution
prim_fdr:: # Test result with PrimFDR_init
util:: # n_rej=34806
prim_fdr:: ## PrimFDR_init finishes

prim_fdr:: ## optimization paramter:
prim_fdr:: # n_itr=2000, n_samp=169301, lambda0=13580, lambda1=100

prim_fdr:: ## optimization initialization:
prim_fdr:: # Slope: a=[-1.1085811   0.20376724  0.19156143  0.56383866], b=[-7.8346167]
prim_fdr:: # Bump 0: w=-7.1069555, mu=[0.52534074 0.5508822  0.6735597  0.78217995], sigma=[0.6946132  1.1291723  1.728062   0.25550973]
prim_fdr:: # Bump 1: w=-6.618783, mu=[0.2837618  0.63402843 0.36098593 0.85846806], sigma=[0.31419015 0.6346527  3.1051826  1.3208851 ]
prim_fdr:: # Bump 2: w=-9.198691, mu=[0.589468   0.28684148 0.51015365 0.46772137], sigma=[1.046555   0.8164288  0.0555851  0.12366565]
prim_fdr:: # Bump 3: w=-7.9775057, mu=[0.16777983 0.35106537 0.55734485 0.46337733], sigma=[2.932787   0.8373257  0.0555851  0.44462436]
prim_fdr:: # Bump 4: w=-10.165113, mu=[0.47925174 0.53822875 0.5146729  0.23622037], sigma=[0.01185454 1.5824205  0.0555851  2.8553152 ]
prim_fdr:: 

prim_fdr:: ## iteration 0
prim_fdr:: n_rej: 35626
prim_fdr:: n_rej sig: 35349
prim_fdr:: FD esti mirror: 3765.00000
prim_fdr:: FD esti mirror sig: 3825.98096
prim_fdr:: loss1: -0.20880
prim_fdr:: loss2: 0.17192
prim_fdr:: Estimated FDP: 0.10823
prim_fdr:: FDP: 0.0
prim_fdr:: Slope: a=[-1.158581    0.15376726  0.14156146  0.5138387 ], b=[-7.884617]
prim_fdr:: Bump 0: w=-7.156955, mu=[0.4753409 0.5008825 0.7235593 0.7321815], sigma=[0.74461263 1.1791713  1.7780595  0.3055094 ]
prim_fdr:: Bump 1: w=-6.668782, mu=[0.233762   0.584045   0.41098464 0.90846765], sigma=[0.3641897 0.6846521 3.1551788 1.3708827]
prim_fdr:: Bump 2: w=-9.248691, mu=[0.53946865 0.33683914 0.56013054 0.51771957], sigma=[1.0965534  0.8664268  0.10558345 0.17366524]
prim_fdr:: Bump 3: w=-8.027503, mu=[0.11778043 0.40106383 0.6073316  0.51334184], sigma=[2.9827766  0.8873225  0.10558274 0.49462336]
prim_fdr:: Bump 4: w=-10.215109, mu=[0.4292763 0.5882205 0.5646348 0.2862188], sigma=[0.06185353 1.6324068  0.10558009 2.9052906 ]
prim_fdr:: 

prim_fdr:: ## iteration 400
prim_fdr:: n_rej: 34955
prim_fdr:: n_rej sig: 34541
prim_fdr:: FD esti mirror: 3386.00000
prim_fdr:: FD esti mirror sig: 3438.16919
prim_fdr:: loss1: -0.20402
prim_fdr:: loss2: 0.00000
prim_fdr:: Estimated FDP: 0.09954
prim_fdr:: FDP: 0.0
prim_fdr:: Slope: a=[-1.5288018   0.13500808  0.24189653  0.66011983], b=[-7.854951]
prim_fdr:: Bump 0: w=-6.7048182, mu=[0.11224064 0.41938314 0.6758485  0.42613247], sigma=[0.45035443 0.85617155 1.2693268  0.31120762]
prim_fdr:: Bump 1: w=-6.2029357, mu=[0.20640104 0.65577936 0.47543254 0.8416992 ], sigma=[0.19770926 0.84332967 2.126199   0.3519336 ]
prim_fdr:: Bump 2: w=-9.1959, mu=[0.20760612 0.28367212 0.76012725 1.1250191 ], sigma=[ 1.4572096   0.99094415 -0.18178262  0.4285834 ]
prim_fdr:: Bump 3: w=-7.591014, mu=[0.01137327 0.74512774 0.21146695 0.05785409], sigma=[ 2.7953603   0.875224   -0.07133622  0.79921037]
prim_fdr:: Bump 4: w=-10.060896, mu=[0.00245506 0.8861793  0.6806283  0.6025998 ], sigma=[ 0.5794867   1.8699402  -0.13049522  3.2618754 ]
prim_fdr:: 

prim_fdr:: ## iteration 800
prim_fdr:: n_rej: 35124
prim_fdr:: n_rej sig: 34719
prim_fdr:: FD esti mirror: 3426.00000
prim_fdr:: FD esti mirror sig: 3466.66357
prim_fdr:: loss1: -0.20507
prim_fdr:: loss2: 0.00000
prim_fdr:: Estimated FDP: 0.09985
prim_fdr:: FDP: 0.0
prim_fdr:: Slope: a=[-1.5578955   0.13023834  0.24887386  0.6679382 ], b=[-7.852533]
prim_fdr:: Bump 0: w=-6.653358, mu=[0.10118999 0.41306114 0.638689   0.44489253], sigma=[0.45349705 0.8185056  1.1353031  0.31094533]
prim_fdr:: Bump 1: w=-6.1600766, mu=[0.17739162 0.6551778  0.46265498 0.8452983 ], sigma=[0.18017182 0.84410846 2.032363   0.33023584]
prim_fdr:: Bump 2: w=-9.195283, mu=[0.21339525 0.2889112  0.76030535 1.1225954 ], sigma=[ 1.4569521   0.99085766 -0.18219604  0.42843208]
prim_fdr:: Bump 3: w=-7.50195, mu=[0.01893069 0.75025046 0.2012688  0.05722987], sigma=[ 2.8258343   0.88317376 -0.10151833  0.7834083 ]
prim_fdr:: Bump 4: w=-10.057698, mu=[2.2119380e-04 8.6008090e-01 6.8064171e-01 5.9888333e-01], sigma=[ 0.58019906  1.8679584  -0.13067052  3.2617097 ]
prim_fdr:: 

prim_fdr:: ## iteration 1200
prim_fdr:: n_rej: 35205
prim_fdr:: n_rej sig: 34771
prim_fdr:: FD esti mirror: 3430.00000
prim_fdr:: FD esti mirror sig: 3471.70410
prim_fdr:: loss1: -0.20538
prim_fdr:: loss2: 0.00000
prim_fdr:: Estimated FDP: 0.09984
prim_fdr:: FDP: 0.0
prim_fdr:: Slope: a=[-1.5700105   0.12794411  0.25160784  0.670705  ], b=[-7.852105]
prim_fdr:: Bump 0: w=-6.6358075, mu=[0.09471837 0.4109493  0.63467455 0.4486792 ], sigma=[0.45672998 0.8047077  1.0932355  0.3115328 ]
prim_fdr:: Bump 1: w=-6.134859, mu=[0.1638991  0.65354735 0.45627096 0.8461228 ], sigma=[0.17431286 0.8433303  1.9921345  0.32399726]
prim_fdr:: Bump 2: w=-9.194954, mu=[0.21731052 0.29194847 0.7604001  1.121324  ], sigma=[ 1.4568219   0.99082136 -0.18242997  0.42835188]
prim_fdr:: Bump 3: w=-7.4469934, mu=[0.01877894 0.7455177  0.19249424 0.05665795], sigma=[ 2.843227    0.8889356  -0.12158641  0.77244717]
prim_fdr:: Bump 4: w=-10.055492, mu=[-6.3120853e-04  8.4405762e-01  6.8065846e-01  5.9699577e-01], sigma=[ 0.58065146  1.8666152  -0.1308002   3.2613995 ]
prim_fdr:: 

prim_fdr:: ## iteration 1600
prim_fdr:: n_rej: 35282
prim_fdr:: n_rej sig: 34849
prim_fdr:: FD esti mirror: 3442.00000
prim_fdr:: FD esti mirror sig: 3483.24561
prim_fdr:: loss1: -0.20585
prim_fdr:: loss2: 0.00000
prim_fdr:: Estimated FDP: 0.09995
prim_fdr:: FDP: 0.0
prim_fdr:: Slope: a=[-1.5813514   0.12580222  0.25461572  0.6735327 ], b=[-7.851456]
prim_fdr:: Bump 0: w=-6.6188264, mu=[0.09042501 0.41060847 0.63523126 0.44964513], sigma=[0.45964    0.7914889  1.0562568  0.31252092]
prim_fdr:: Bump 1: w=-6.111898, mu=[0.15389785 0.6542343  0.45792082 0.8484013 ], sigma=[0.16970389 0.843096   1.954967   0.31799772]
prim_fdr:: Bump 2: w=-9.194501, mu=[0.22263837 0.2960553  0.7605232  1.1195638 ], sigma=[ 1.4566469   0.990764   -0.18273726  0.42824104]
prim_fdr:: Bump 3: w=-7.3732476, mu=[0.01911823 0.7407363  0.17397383 0.06061009], sigma=[ 2.862302   0.8965191 -0.1591384  0.7558023]
prim_fdr:: Bump 4: w=-10.052244, mu=[-5.2955514e-04  8.2262909e-01  6.8070054e-01  5.9486580e-01], sigma=[ 0.5812138   1.864701   -0.13101839  3.2607257 ]
prim_fdr:: 

benchmark_Gtex_full:: ## PF, n_rej=35818
benchmark_Gtex_full:: ## Total time: 2470.4s
