benchmark_cv_2DGM:: ## BH, n_rej=9903, t_rej=0.00990
benchmark_cv_2DGM:: ## SBH, n_rej=11380, t_rej=0.01459
prim_fdr:: #time start: 0.0s
prim_fdr:: #time input: 0.0085s
prim_fdr:: ## testing fold 1: 0.0088s
prim_fdr:: ## PrimFDR_init starts
prim_fdr:: # Learning null distribution
prim_fdr:: # Learning alternative distribution
prim_fdr:: # Test result with PrimFDR_init
util:: # n_rej=9758
prim_fdr:: ## PrimFDR_init finishes

prim_fdr:: ## optimization paramter:
prim_fdr:: # n_itr=1500, n_samp=50000, lambda0=292, lambda1=100

prim_fdr:: ## optimization initialization:
prim_fdr:: # Slope: a=[0.5317984  0.68437105], b=[-6.099602]
prim_fdr:: # Bump 0: w=-2.457049, mu=[0.791839  0.7523908], sigma=[1.2729943 0.9854411]
prim_fdr:: # Bump 1: w=-1.9432347, mu=[0.25288695 0.4314504 ], sigma=[0.34023955 1.0450817 ]
prim_fdr:: # Bump 2: w=-1.8037056, mu=[0.25198627 0.37460518], sigma=[0.31982508 1.027517  ]
prim_fdr:: # Bump 3: w=-0.94768625, mu=[0.91429144 0.7474827 ], sigma=[2.0740156 1.0298101]
prim_fdr:: # Bump 4: w=-1.574911, mu=[0.770932  0.7712938], sigma=[0.9929256  0.91215014]
prim_fdr:: 

prim_fdr:: ## iteration 0
prim_fdr:: n_rej: 10050
prim_fdr:: n_rej sig: 10037
prim_fdr:: FD esti mirror: 1103.00000
prim_fdr:: FD esti mirror sig: 1115.37476
prim_fdr:: loss1: -0.20075
prim_fdr:: loss2: 0.22323
prim_fdr:: Estimated FDP: 0.11112
prim_fdr:: FDP: 0.0
prim_fdr:: Slope: a=[0.51179844 0.6643711 ], b=[-6.119602]
prim_fdr:: Bump 0: w=-2.4770489, mu=[0.811839  0.7723907], sigma=[1.2929941 1.0054411]
prim_fdr:: Bump 1: w=-1.9632347, mu=[0.23288697 0.41145042], sigma=[0.36023954 1.0650817 ]
prim_fdr:: Bump 2: w=-1.8237056, mu=[0.23198627 0.39460516], sigma=[0.33982506 1.047517  ]
prim_fdr:: Bump 3: w=-0.96768624, mu=[0.89429146 0.72748274], sigma=[2.0940156 1.04981  ]
prim_fdr:: Bump 4: w=-1.594911, mu=[0.790932  0.7912938], sigma=[1.0129255 0.9321501]
prim_fdr:: 

prim_fdr:: ## iteration 300
prim_fdr:: n_rej: 9613
prim_fdr:: n_rej sig: 9600
prim_fdr:: FD esti mirror: 852.00000
prim_fdr:: FD esti mirror sig: 887.74628
prim_fdr:: loss1: -0.19201
prim_fdr:: loss2: 0.00000
prim_fdr:: Estimated FDP: 0.09247
prim_fdr:: FDP: 0.0
prim_fdr:: Slope: a=[0.36607727 0.5413438 ], b=[-6.2710814]
prim_fdr:: Bump 0: w=-2.3206851, mu=[0.9405787 0.7127092], sigma=[1.2747748 1.0767552]
prim_fdr:: Bump 1: w=-1.8674104, mu=[0.26119554 0.4079905 ], sigma=[0.4731023 1.124102 ]
prim_fdr:: Bump 2: w=-1.6793381, mu=[0.2574318 0.4083545], sigma=[0.4412671 1.1165497]
prim_fdr:: Bump 3: w=-1.0286465, mu=[0.7838272 0.7486671], sigma=[1.8399706 1.2389845]
prim_fdr:: Bump 4: w=-1.4761865, mu=[0.9209888 0.7040994], sigma=[0.9983447 1.0216917]
prim_fdr:: 

prim_fdr:: ## iteration 600
prim_fdr:: n_rej: 9748
prim_fdr:: n_rej sig: 9732
prim_fdr:: FD esti mirror: 888.00000
prim_fdr:: FD esti mirror sig: 924.94379
prim_fdr:: loss1: -0.19464
prim_fdr:: loss2: 0.00000
prim_fdr:: Estimated FDP: 0.09504
prim_fdr:: FDP: 0.0
prim_fdr:: Slope: a=[0.33158714 0.5183335 ], b=[-6.3038783]
prim_fdr:: Bump 0: w=-2.2288043, mu=[0.9047314 0.738255 ], sigma=[1.2341228 1.0982585]
prim_fdr:: Bump 1: w=-1.744079, mu=[0.24887867 0.41738328], sigma=[0.47484982 1.1069536 ]
prim_fdr:: Bump 2: w=-1.5633479, mu=[0.25118905 0.42202848], sigma=[0.44643965 1.1025962 ]
prim_fdr:: Bump 3: w=-1.016302, mu=[0.79463947 0.76350427], sigma=[1.7491192 1.2723408]
prim_fdr:: Bump 4: w=-1.3997455, mu=[0.9100276  0.73882705], sigma=[0.979949  1.0458149]
prim_fdr:: 

prim_fdr:: ## iteration 900
prim_fdr:: n_rej: 9895
prim_fdr:: n_rej sig: 9900
prim_fdr:: FD esti mirror: 948.00000
prim_fdr:: FD esti mirror sig: 974.63031
prim_fdr:: loss1: -0.19801
prim_fdr:: loss2: 0.00000
prim_fdr:: Estimated FDP: 0.09844
prim_fdr:: FDP: 0.0
prim_fdr:: Slope: a=[0.3072914  0.49904948], b=[-6.3283277]
prim_fdr:: Bump 0: w=-2.1806612, mu=[0.9060726 0.7406265], sigma=[1.208172 1.118873]
prim_fdr:: Bump 1: w=-1.6945547, mu=[0.25671783 0.3916362 ], sigma=[0.4802631 1.1048344]
prim_fdr:: Bump 2: w=-1.5174487, mu=[0.2572028  0.39272022], sigma=[0.45296183 1.102336  ]
prim_fdr:: Bump 3: w=-1.0048162, mu=[0.77710366 0.7658918 ], sigma=[1.6987852 1.287844 ]
prim_fdr:: Bump 4: w=-1.3594671, mu=[0.9129634  0.74303293], sigma=[0.9645734 1.0691628]
prim_fdr:: 

prim_fdr:: ## iteration 1200
prim_fdr:: n_rej: 9912
prim_fdr:: n_rej sig: 9917
prim_fdr:: FD esti mirror: 942.00000
prim_fdr:: FD esti mirror sig: 973.86908
prim_fdr:: loss1: -0.19835
prim_fdr:: loss2: 0.00000
prim_fdr:: Estimated FDP: 0.09820
prim_fdr:: FDP: 0.0
prim_fdr:: Slope: a=[0.2822233 0.4784941], b=[-6.3533335]
prim_fdr:: Bump 0: w=-2.1288438, mu=[0.9052266 0.744354 ], sigma=[1.1842033 1.1435188]
prim_fdr:: Bump 1: w=-1.66694, mu=[0.24836004 0.38740873], sigma=[0.48838252 1.1105943 ]
prim_fdr:: Bump 2: w=-1.4922475, mu=[0.25074163 0.38872528], sigma=[0.4611955 1.1095463]
prim_fdr:: Bump 3: w=-0.99764514, mu=[0.77700174 0.75657606], sigma=[1.6624299 1.3061075]
prim_fdr:: Bump 4: w=-1.3162338, mu=[0.9105584  0.74574035], sigma=[0.95091397 1.0965153 ]
prim_fdr:: 

prim_fdr:: ## testing fold 2: 119.8677s
prim_fdr:: ## PrimFDR_init starts
prim_fdr:: # Learning null distribution
prim_fdr:: # Learning alternative distribution
prim_fdr:: # Test result with PrimFDR_init
util:: # n_rej=9948
prim_fdr:: ## PrimFDR_init finishes

prim_fdr:: ## optimization paramter:
prim_fdr:: # n_itr=1500, n_samp=50000, lambda0=290, lambda1=100

prim_fdr:: ## optimization initialization:
prim_fdr:: # Slope: a=[0.47076935 0.57451874], b=[-5.8189964]
prim_fdr:: # Bump 0: w=-1.6161423, mu=[0.25262982 0.37512788], sigma=[0.39888048 1.0915937 ]
prim_fdr:: # Bump 1: w=-0.8797674, mu=[0.9054832 0.7593793], sigma=[2.0773299  0.81956923]
prim_fdr:: # Bump 2: w=-1.8872564, mu=[0.24396114 0.415814  ], sigma=[0.39021996 0.9274795 ]
prim_fdr:: # Bump 3: w=-2.462374, mu=[0.7782814 0.7563772], sigma=[1.0888901  0.73499244]
prim_fdr:: # Bump 4: w=-1.4698557, mu=[0.7531988  0.73462397], sigma=[1.0446796 1.426365 ]
prim_fdr:: 

prim_fdr:: ## iteration 0
prim_fdr:: n_rej: 10445
prim_fdr:: n_rej sig: 10450
prim_fdr:: FD esti mirror: 1179.00000
prim_fdr:: FD esti mirror sig: 1197.38696
prim_fdr:: loss1: -0.20901
prim_fdr:: loss2: 0.30468
prim_fdr:: Estimated FDP: 0.11458
prim_fdr:: FDP: 0.0
prim_fdr:: Slope: a=[0.4507694  0.55451876], b=[-5.8389964]
prim_fdr:: Bump 0: w=-1.6361423, mu=[0.23262982 0.39512786], sigma=[0.41888046 1.1115937 ]
prim_fdr:: Bump 1: w=-0.8997674, mu=[0.92548305 0.77937925], sigma=[2.0973299 0.8395692]
prim_fdr:: Bump 2: w=-1.9072564, mu=[0.22396116 0.39581403], sigma=[0.41021994 0.9474795 ]
prim_fdr:: Bump 3: w=-2.482374, mu=[0.7982814 0.7763772], sigma=[1.1088899 0.7549924]
prim_fdr:: Bump 4: w=-1.4898556, mu=[0.7731988  0.75462395], sigma=[1.0646796 1.446365 ]
prim_fdr:: 

prim_fdr:: ## iteration 300
prim_fdr:: n_rej: 10019
prim_fdr:: n_rej sig: 10010
prim_fdr:: FD esti mirror: 961.00000
prim_fdr:: FD esti mirror sig: 978.37457
prim_fdr:: loss1: -0.20020
prim_fdr:: loss2: 0.00000
prim_fdr:: Estimated FDP: 0.09774
prim_fdr:: FDP: 0.0
prim_fdr:: Slope: a=[0.29992908 0.4348899 ], b=[-5.9927654]
prim_fdr:: Bump 0: w=-1.53442, mu=[0.23967917 0.40467247], sigma=[0.45373178 1.1758649 ]
prim_fdr:: Bump 1: w=-1.0841267, mu=[0.92253464 0.7354024 ], sigma=[2.0501766 1.068266 ]
prim_fdr:: Bump 2: w=-1.7977915, mu=[0.24276361 0.39765814], sigma=[0.42120796 1.0342007 ]
prim_fdr:: Bump 3: w=-2.4850795, mu=[0.9279371 0.7372729], sigma=[1.0156416  0.86441576]
prim_fdr:: Bump 4: w=-1.3813084, mu=[0.7892465 0.7411511], sigma=[0.8575693 1.4978187]
prim_fdr:: 

prim_fdr:: ## iteration 600
prim_fdr:: n_rej: 10059
prim_fdr:: n_rej sig: 10056
prim_fdr:: FD esti mirror: 977.00000
prim_fdr:: FD esti mirror sig: 995.22644
prim_fdr:: loss1: -0.20113
prim_fdr:: loss2: 0.00000
prim_fdr:: Estimated FDP: 0.09896
prim_fdr:: FDP: 0.0
prim_fdr:: Slope: a=[0.25285047 0.39662984], b=[-6.0394464]
prim_fdr:: Bump 0: w=-1.460379, mu=[0.22206439 0.3921956 ], sigma=[0.45401567 1.1744968 ]
prim_fdr:: Bump 1: w=-1.1149877, mu=[0.87733614 0.7318204 ], sigma=[1.9986508 1.1210573]
prim_fdr:: Bump 2: w=-1.7368433, mu=[0.23070769 0.3916672 ], sigma=[0.42627242 1.0380048 ]
prim_fdr:: Bump 3: w=-2.4950392, mu=[0.91115487 0.7420854 ], sigma=[0.9734914 0.9094446]
prim_fdr:: Bump 4: w=-1.3340027, mu=[0.7825066  0.75217766], sigma=[0.8868606 1.494504 ]
prim_fdr:: 

prim_fdr:: ## iteration 900
prim_fdr:: n_rej: 10154
prim_fdr:: n_rej sig: 10144
prim_fdr:: FD esti mirror: 992.00000
prim_fdr:: FD esti mirror sig: 1002.81775
prim_fdr:: loss1: -0.20290
prim_fdr:: loss2: 0.00000
prim_fdr:: Estimated FDP: 0.09885
prim_fdr:: FDP: 0.0
prim_fdr:: Slope: a=[0.23983413 0.3881524 ], b=[-6.0533657]
prim_fdr:: Bump 0: w=-1.4390632, mu=[0.23005538 0.38834694], sigma=[0.45631084 1.1683749 ]
prim_fdr:: Bump 1: w=-1.0956869, mu=[0.8963932  0.73712635], sigma=[1.9476309 1.1251765]
prim_fdr:: Bump 2: w=-1.7186636, mu=[0.24053423 0.39094955], sigma=[0.42912123 1.0322876 ]
prim_fdr:: Bump 3: w=-2.468369, mu=[0.91360533 0.7527271 ], sigma=[0.93913436 0.9096721 ]
prim_fdr:: Bump 4: w=-1.296456, mu=[0.78881884 0.75414395], sigma=[0.88497967 1.4828298 ]
prim_fdr:: 

prim_fdr:: ## iteration 1200
prim_fdr:: n_rej: 10096
prim_fdr:: n_rej sig: 10089
prim_fdr:: FD esti mirror: 974.00000
prim_fdr:: FD esti mirror sig: 996.96405
prim_fdr:: loss1: -0.20179
prim_fdr:: loss2: 0.00000
prim_fdr:: Estimated FDP: 0.09881
prim_fdr:: FDP: 0.0
prim_fdr:: Slope: a=[0.21289508 0.36684185], b=[-6.0804896]
prim_fdr:: Bump 0: w=-1.4259007, mu=[0.25083756 0.4110003 ], sigma=[0.4682277 1.1759225]
prim_fdr:: Bump 1: w=-1.091446, mu=[0.89975214 0.7396107 ], sigma=[1.9182425 1.1444675]
prim_fdr:: Bump 2: w=-1.7085152, mu=[0.25851193 0.41281676], sigma=[0.44203746 1.0400691 ]
prim_fdr:: Bump 3: w=-2.4614882, mu=[0.9230856 0.7541072], sigma=[0.9212169 0.9273069]
prim_fdr:: Bump 4: w=-1.2747014, mu=[0.7964833 0.770314 ], sigma=[0.8937785 1.4966218]
prim_fdr:: 

prim_fdr:: #time test: 235.4265s
prim_fdr:: ## Testing summary ##
prim_fdr:: # Total rejection: 20259
prim_fdr:: # False positive: 1945
prim_fdr:: # FDP: 0.0960

benchmark_cv_2DGM:: ## PF, n_rej1=10254, n_rej2=10005, n_rej_total=20259
benchmark_cv_2DGM:: ## Total time: 238.8s
