benchmark_2DGM:: ## BH, n_rej=9903, t_rej=0.00990
benchmark_2DGM:: ## SBH, n_rej=11380, t_rej=0.01459
prim_fdr:: ## PrimFDR_init starts
prim_fdr:: # Learning null distribution
font_manager:: findfont: Matching :family=sans-serif:style=normal:variant=normal:weight=normal:stretch=normal:size=10.0 to DejaVu Sans ('/home/martin/anaconda3/lib/python3.6/site-packages/matplotlib/mpl-data/fonts/ttf/DejaVuSans.ttf') with score of 0.050000
font_manager:: findfont: Matching :family=sans-serif:style=normal:variant=normal:weight=normal:stretch=normal:size=12.0 to DejaVu Sans ('/home/martin/anaconda3/lib/python3.6/site-packages/matplotlib/mpl-data/fonts/ttf/DejaVuSans.ttf') with score of 0.050000
prim_fdr:: # Learning alternative distribution
prim_fdr:: # Test result with PrimFDR_init
util:: # n_rej=19783
prim_fdr:: ## PrimFDR_init finishes

prim_fdr:: ## optimization paramter:
prim_fdr:: # n_itr=2000, n_samp=100000, lambda0=271, lambda1=100

prim_fdr:: ## optimization initialization:
prim_fdr:: # Slope: a=[0.03746307 0.1839328 ], b=[-5.5836954]
prim_fdr:: # Bump 0: w=-1.2936428, mu=[0.7756054 0.7577765], sigma=[1.4339657 1.3522083]
prim_fdr:: # Bump 1: w=-1.9039186, mu=[0.24636315 0.42065054], sigma=[0.40115258 0.9604132 ]
prim_fdr:: # Bump 2: w=-2.64665, mu=[0.78930104 0.74217194], sigma=[0.3840167 0.7822761]
prim_fdr:: # Bump 3: w=-1.7393157, mu=[0.25489244 0.37737948], sigma=[0.39344004 0.9974769 ]
prim_fdr:: # Bump 4: w=-0.8607003, mu=[0.9117701 0.7558653], sigma=[2.387425  0.9076256]
prim_fdr:: 

prim_fdr:: ## iteration 0
prim_fdr:: n_rej: 20490
prim_fdr:: n_rej sig: 20515
prim_fdr:: FD esti mirror: 2261.00000
prim_fdr:: FD esti mirror sig: 2302.25610
prim_fdr:: loss1: -0.20515
prim_fdr:: loss2: 0.25073
prim_fdr:: Estimated FDP: 0.11222
prim_fdr:: FDP: 0.0
prim_fdr:: Slope: a=[0.01746313 0.16393284], b=[-5.6036954]
prim_fdr:: Bump 0: w=-1.3136427, mu=[0.79560536 0.7777765 ], sigma=[1.4539657 1.3722082]
prim_fdr:: Bump 1: w=-1.9239186, mu=[0.22636317 0.40065056], sigma=[0.42115256 0.9804132 ]
prim_fdr:: Bump 2: w=-2.66665, mu=[0.809301  0.7621719], sigma=[0.40401667 0.8022761 ]
prim_fdr:: Bump 3: w=-1.7593157, mu=[0.23489244 0.39737946], sigma=[0.41344002 1.0174768 ]
prim_fdr:: Bump 4: w=-0.8807003, mu=[0.8917701 0.7358653], sigma=[2.407425  0.9276256]
prim_fdr:: 

prim_fdr:: ## iteration 400
prim_fdr:: n_rej: 19868
prim_fdr:: n_rej sig: 19873
prim_fdr:: FD esti mirror: 1880.00000
prim_fdr:: FD esti mirror sig: 1933.98157
prim_fdr:: loss1: -0.19874
prim_fdr:: loss2: 0.00000
prim_fdr:: Estimated FDP: 0.09731
prim_fdr:: FDP: 0.0
prim_fdr:: Slope: a=[-0.1650879   0.01152876], b=[-5.7812524]
prim_fdr:: Bump 0: w=-1.1170171, mu=[0.92224234 0.7464666 ], sigma=[1.3886257 1.4081186]
prim_fdr:: Bump 1: w=-1.767459, mu=[0.2336541 0.4048601], sigma=[0.4759588 1.0476674]
prim_fdr:: Bump 2: w=-2.6469007, mu=[0.803082  0.7693708], sigma=[0.42590052 0.9259772 ]
prim_fdr:: Bump 3: w=-1.5920888, mu=[0.22722663 0.40306032], sigma=[0.4687671 1.0784098]
prim_fdr:: Bump 4: w=-1.002887, mu=[0.79112244 0.7397278 ], sigma=[2.2963526 1.1249121]
prim_fdr:: 

prim_fdr:: ## iteration 800
prim_fdr:: n_rej: 20081
prim_fdr:: n_rej sig: 20072
prim_fdr:: FD esti mirror: 1938.00000
prim_fdr:: FD esti mirror sig: 1980.78723
prim_fdr:: loss1: -0.20073
prim_fdr:: loss2: 0.00000
prim_fdr:: Estimated FDP: 0.09868
prim_fdr:: FDP: 0.0
prim_fdr:: Slope: a=[-0.22564827 -0.03901149], b=[-5.838342]
prim_fdr:: Bump 0: w=-1.0714879, mu=[0.9155767 0.7363774], sigma=[1.3704975 1.4301995]
prim_fdr:: Bump 1: w=-1.6966861, mu=[0.24747124 0.39357036], sigma=[0.4815876 1.0580608]
prim_fdr:: Bump 2: w=-2.6453388, mu=[0.80245835 0.76431614], sigma=[0.42415938 0.9668594 ]
prim_fdr:: Bump 3: w=-1.520201, mu=[0.24492037 0.39230525], sigma=[0.4745938 1.0884107]
prim_fdr:: Bump 4: w=-1.0165886, mu=[0.78724265 0.7276802 ], sigma=[2.262037  1.1824944]
prim_fdr:: 

prim_fdr:: ## iteration 1200
prim_fdr:: n_rej: 20150
prim_fdr:: n_rej sig: 20158
prim_fdr:: FD esti mirror: 1949.00000
prim_fdr:: FD esti mirror sig: 2009.19836
prim_fdr:: loss1: -0.20158
prim_fdr:: loss2: 0.00000
prim_fdr:: Estimated FDP: 0.09967
prim_fdr:: FDP: 0.0
prim_fdr:: Slope: a=[-0.2601046  -0.06606154], b=[-5.870873]
prim_fdr:: Bump 0: w=-1.0341616, mu=[0.91978043 0.73664117], sigma=[1.3453364 1.4404002]
prim_fdr:: Bump 1: w=-1.6641475, mu=[0.25381377 0.3926607 ], sigma=[0.49105713 1.0578498 ]
prim_fdr:: Bump 2: w=-2.6361947, mu=[0.7954516 0.7750608], sigma=[0.41555166 0.98202735]
prim_fdr:: Bump 3: w=-1.4871112, mu=[0.25052455 0.39004344], sigma=[0.4838796 1.0877216]
prim_fdr:: Bump 4: w=-1.0124453, mu=[0.78235847 0.7309416 ], sigma=[2.2421522 1.2039523]
prim_fdr:: 

prim_fdr:: ## iteration 1600
prim_fdr:: n_rej: 20066
prim_fdr:: n_rej sig: 20065
prim_fdr:: FD esti mirror: 1900.00000
prim_fdr:: FD esti mirror sig: 1967.59595
prim_fdr:: loss1: -0.20066
prim_fdr:: loss2: 0.00000
prim_fdr:: Estimated FDP: 0.09806
prim_fdr:: FDP: 0.0
prim_fdr:: Slope: a=[-0.2990851  -0.09804661], b=[-5.907829]
prim_fdr:: Bump 0: w=-1.0155059, mu=[0.9193222 0.7379003], sigma=[1.3341757 1.4567163]
prim_fdr:: Bump 1: w=-1.6474752, mu=[0.25175086 0.39860585], sigma=[0.5056799 1.0640366]
prim_fdr:: Bump 2: w=-2.6389341, mu=[0.79673755 0.7774542 ], sigma=[0.4193524 0.9999583]
prim_fdr:: Bump 3: w=-1.4702252, mu=[0.24784051 0.3956524 ], sigma=[0.49807408 1.093306  ]
prim_fdr:: Bump 4: w=-1.0203472, mu=[0.78833455 0.7301991 ], sigma=[2.2349322 1.2261469]
prim_fdr:: 

benchmark_2DGM:: ## PF, n_rej=20393
benchmark_2DGM:: ## Total time: 1069.1s
